[INFO]: Driver not installed.
[INFO]: Checking compiler version...
[INFO]: gcc location: /usr/bin/gcc

[INFO]: gcc version: gcc version 13.3.0 (Ubuntu 13.3.0-6ubuntu2~24.04.1) 

[INFO]: Initializing menu
[INFO]: nvidia-fs.setKOVersion(2.26.6)
[INFO]: Setup complete
[INFO]: Installing: CUDA Toolkit 13.0
[INFO]: Installing: CUDA Libraries 13.0
[INFO]: Installing: CUDA Development 13.0
[INFO]: Installing: libcufft-dev
[INFO]: Installing: libnvjpeg-dev
[INFO]: Installing: libnvjitlink-dev
[INFO]: Installing: libnvfatbin-dev
[INFO]: Installing: libnpp-dev
[INFO]: Installing: libcusparse-dev
[INFO]: Installing: libcusolver-dev
[WARNING]: Skipping copy. File already exists at: /usr/local/cuda-13.0/targets/x86_64-linux/lib/stubs/libcusolverMg.so
[INFO]: Installing: libcurand-dev
[INFO]: Installing: libcufile-dev
[INFO]: Installing: cuda-cccl
[INFO]: Installing: libcublas-dev
[INFO]: Installing: cuda-sandbox-dev
[INFO]: Installing: cuda-profiler-api
[INFO]: Installing: cuda-opencl-dev
[INFO]: Installing: cuda-nvrtc-dev
[INFO]: Installing: cuda-nvml-dev
[INFO]: Installing: cuda-driver-dev
[INFO]: Installing: cuda-cudart-dev
[INFO]: Installing: CUDA Runtime 13.0
[INFO]: Installing: cuda-cudart
[INFO]: Installing: cuda-nvrtc
[INFO]: Installing: cuda-opencl
[INFO]: Installing: libcublas13
[INFO]: Installing: libcufft
[INFO]: Installing: libcufile
[WARNING]: Skipping copy. File already exists at: /usr/local/cuda-13.0/targets/x86_64-linux/include/cufile.h
[INFO]: Installing: libcurand
[INFO]: Installing: libcusolver
[INFO]: Installing: libcusparse
[WARNING]: Skipping copy. File already exists at: /usr/local/cuda-13.0/targets/x86_64-linux/lib/libcusparse.so.12.6.3.3
[INFO]: Installing: libnpp
[INFO]: Installing: libnvfatbin
[INFO]: Installing: libnvjitlink
[INFO]: Installing: libnvjpeg
[INFO]: Installing: CUDA Tools 13.0
[INFO]: Installing: CUDA Command Line Tools 13.0
[INFO]: Installing: cuda-cupti
[INFO]: Installing: cuda-gdb
[INFO]: Installing: nvdisasm
[INFO]: Installing: nvtx
[INFO]: Installing: compute-sanitizer
[INFO]: Installing: compute-sanitizer-integration
[INFO]: Installing: CUDA Visual Tools 13.0
[INFO]: Installing: nsight
[INFO]: Installing: nsight-compute
[INFO]: Installing: cuda-nsight-compute-integration
[INFO]: Installing: nsight-systems
[INFO]: Installing: cuda-nsight-systems-integration
[INFO]: Installing: CUDA Compiler 13.0
[INFO]: Installing: crt
[INFO]: Installing: cuda-ctadvisor
[INFO]: Installing: cuda-cuobjdump
[INFO]: Installing: cuda-cuxxfilt
[INFO]: Installing: cuda-nvcc
[INFO]: Installing: cuda-nvprune
[INFO]: Installing: libnvptxcompiler
[INFO]: Installing: libnvvm
[INFO]: Installing: CUDA MATH Libraries 13.0
[INFO]: Installing: cuda-culibos-dev
