nvidia-installer log file '/home/kzl/LFS/config/nvidia/nvidia-driver-install-550.log'
creation time: Fri Jul 18 10:11:07 2025
installer version: 550.163.01

PATH: /usr/local/sbin:/usr/local/bin:/usr/sbin:/usr/bin:/sbin:/bin:/opt/sbin:/opt/bin

nvidia-installer command line:
    ./nvidia-installer
    --accept-license
    --expert
    --log-file-name=/home/kzl/LFS/config/nvidia/nvidia-driver-install-550.log
    --kernel-name=6.12.37-KZL
    --no-backup
    --disable-nouveau
    --no-distro-scripts
    --no-wine-files
    --no-dkms
    --no-check-for-alternate-installs
    --concurrency-level=16
    --install-libglvnd
    --systemd
    --no-rebuild-initramfs

chdir("./")
Using: nvidia-installer ncurses v6 user interface
-> Concurrency level set to 16 on the command line.
-> Unable to scan initramfs: no tool found
-> Concurrency level (Answer: '16')
-> Searching for system utilities:
-> found `ldconfig` : `/usr/sbin/ldconfig`
-> found `grep` : `/usr/bin/grep`
-> found `dmesg` : `/usr/bin/dmesg`
-> found `tail` : `/usr/bin/tail`
-> found `objcopy` : `/usr/bin/objcopy`
-> found `chcon` : `/usr/bin/chcon`
-> found `pkg-config` : `/usr/bin/pkg-config`
-> found `openssl` : `/usr/bin/openssl`
-> found `systemctl` : `/usr/bin/systemctl`
-> found `tar` : `/usr/bin/tar`
-> Searching for module utilities:
-> found `modprobe` : `/usr/sbin/modprobe`
-> found `rmmod` : `/usr/sbin/rmmod`
-> found `lsmod` : `/usr/sbin/lsmod`
-> found `depmod` : `/usr/sbin/depmod`
-> No distribution pre-unload script found.
-> Installing NVIDIA driver version 550.163.01.
-> There appears to already be a driver installed on your system (version: 550.163.01).  As part of installing this driver (version: 550.163.01), the existing driver will be uninstalled.  Are you sure you want to continue? (Answer: Continue installation)
-> Check for the availability or presence of alternate driver installs? (Answer: No)
-> No distribution pre-install script found.
-> Not probing for precompiled kernel interfaces.
-> Checking development tools:
-> found `cc` : `/usr/bin/cc`
-> found `make` : `/usr/bin/make`
-> found `ld` : `/usr/bin/ld`
-> found `tr` : `/usr/bin/tr`
-> found `sed` : `/usr/bin/sed`
-> Performing CC sanity check with CC="/usr/bin/cc".
-> Performing CC check.
-> Would you like to install the nvidia-uvm kernel module? You must install this module in order to use CUDA. (Answer: Yes)
-> Would you like to install the nvidia-drm kernel module? You must install this module in order to use DRM-KMS. (Answer: Yes)
-> Would you like to install the nvidia-peermem kernel module? You must install this module in order to use GPUDirect RDMA p2p memory sharing. (Answer: Yes)
-> Kernel module installation path (Answer: '/lib/modules/6.12.37-KZL/kernel/drivers/video')
-> Kernel module installation path: /lib/modules/6.12.37-KZL/kernel/drivers/video
-> Not probing for precompiled kernel interfaces.
-> Kernel source path (Answer: '/lib/modules/6.12.37-KZL/source')
-> Kernel source path: '/lib/modules/6.12.37-KZL/source'
-> Kernel output path: '/lib/modules/6.12.37-KZL/build'
-> Performing Compiler check.
-> Performing Dom0 check.
-> Performing Xen check.
-> Performing PREEMPT_RT check.
-> Performing vgpu_kvm check.
-> Cleaning kernel module build directory.
   executing: 'cd kernel; /usr/bin/make -k -j16  NV_EXCLUDE_KERNEL_MODULES="" SYSSRC="/lib/modules/6.12.37-KZL/source" SYSOUT="/lib/modules/6.12.37-KZL/build" clean'...
   rm -f -r conftest
   make[1]: Entering directory '/usr/src/linux-headers-6.12.37-KZL'
   make[2]: Entering directory '/usr/src/linux-headers-6.12.37-KZL/build'
   make[2]: Leaving directory '/usr/src/linux-headers-6.12.37-KZL/build'
   make[1]: Leaving directory '/usr/src/linux-headers-6.12.37-KZL'
-> Building kernel modules
-> done.
-> Kernel module compilation complete.
-> Kernel messages:
-> X installation prefix (only under rare circumstances should this be changed from the default) (Answer: '/usr')
-> X installation prefix is: '/usr'
WARNING: nvidia-installer was forced to guess the X library path '/usr/lib' and X module path '/usr/lib/xorg/modules'; these paths were not queryable from the system.  If X fails to find the NVIDIA X driver module, please install the `pkg-config` utility and the X.Org SDK/development package for your distribution and reinstall the driver.
-> X library installation path (only under rare circumstances should this be changed from the default) (Answer: '/usr/lib')
-> X library installation path is: '/usr/lib'
-> X module installation path (only under rare circumstances should this be changed from the default) (Answer: '/usr/lib/xorg/modules')
-> X module installation path is: '/usr/lib/xorg/modules'
-> OpenGL installation prefix (only under rare circumstances should this be changed from the default) (Answer: '/usr')
-> OpenGL installation prefix is: '/usr'
-> Documentation installation prefix (only under rare circumstances should this be changed from the default) (Answer: '/usr')
-> Documentation installation prefix is: '/usr'
-> Utility installation prefix (only under rare circumstances should this be changed from the default) (Answer: '/usr')
-> Utility installation prefix is: '/usr'
-> Do you want to install kernel module sources? (Answer: Yes)
-> Kernel module source installation prefix (Answer: '/usr/src')
-> Kernel module source installation prefix is: '/usr/src'
-> Kernel module source installation directory (Answer: '')
-> Kernel module source installation directory is: '(null)'
-> Compat32 installation chroot (only under rare circumstances should this be changed from the default) (Answer: '')
-> Compat32 installation chroot is: '(null)'
-> Compat32 installation prefix (only under rare circumstances should this be changed from the default) (Answer: '/usr')
-> Compat32 installation prefix is: '/usr'
WARNING: Unable to find a suitable destination to install 32-bit compatibility libraries. Your system may not be set up for 32-bit compatibility. 32-bit compatibility files will not be installed; if you wish to install them, re-run the installation and set a valid directory with the --compat32-libdir option.
-> Uninstalling the previous installation
-> done.
Will install libglvnd libraries.
Will install libEGL vendor library config file to /usr/share/glvnd/egl_vendor.d
-> Searching for conflicting files:
-> done.
-> Installing 'NVIDIA Accelerated Graphics Driver for Linux-x86_64' (550.163.01):
-> Rebuilding initramfs:
-> More than one tool for rebuilding initramfs detected. Which tool would you like to use? (Answer: None of these)
-> Skipping initramfs rebuild.
-> Installing: kernel/nvidia/nv-kernel.o_binary --> /usr/src/nvidia-550.163.01/nvidia/nv-kernel.o_binary
-> Installing: kernel/nvidia/nv.c --> /usr/src/nvidia-550.163.01/nvidia/nv.c
-> Installing: kernel/nvidia/nv-pci.c --> /usr/src/nvidia-550.163.01/nvidia/nv-pci.c
-> Installing: kernel/nvidia/nv-dmabuf.c --> /usr/src/nvidia-550.163.01/nvidia/nv-dmabuf.c
-> Installing: kernel/nvidia/nv-nano-timer.c --> /usr/src/nvidia-550.163.01/nvidia/nv-nano-timer.c
-> Installing: kernel/nvidia/nv-acpi.c --> /usr/src/nvidia-550.163.01/nvidia/nv-acpi.c
-> Installing: kernel/nvidia/nv-cray.c --> /usr/src/nvidia-550.163.01/nvidia/nv-cray.c
-> Installing: kernel/nvidia/nv-dma.c --> /usr/src/nvidia-550.163.01/nvidia/nv-dma.c
-> Installing: kernel/nvidia/nv-i2c.c --> /usr/src/nvidia-550.163.01/nvidia/nv-i2c.c
-> Installing: kernel/nvidia/nv-mmap.c --> /usr/src/nvidia-550.163.01/nvidia/nv-mmap.c
-> Installing: kernel/nvidia/nv-p2p.c --> /usr/src/nvidia-550.163.01/nvidia/nv-p2p.c
-> Installing: kernel/nvidia/nv-pat.c --> /usr/src/nvidia-550.163.01/nvidia/nv-pat.c
-> Installing: kernel/nvidia/nv-procfs.c --> /usr/src/nvidia-550.163.01/nvidia/nv-procfs.c
-> Installing: kernel/nvidia/nv-usermap.c --> /usr/src/nvidia-550.163.01/nvidia/nv-usermap.c
-> Installing: kernel/nvidia/nv-vm.c --> /usr/src/nvidia-550.163.01/nvidia/nv-vm.c
-> Installing: kernel/nvidia/nv-vtophys.c --> /usr/src/nvidia-550.163.01/nvidia/nv-vtophys.c
-> Installing: kernel/nvidia/os-interface.c --> /usr/src/nvidia-550.163.01/nvidia/os-interface.c
-> Installing: kernel/nvidia/os-mlock.c --> /usr/src/nvidia-550.163.01/nvidia/os-mlock.c
-> Installing: kernel/nvidia/os-pci.c --> /usr/src/nvidia-550.163.01/nvidia/os-pci.c
-> Installing: kernel/nvidia/os-registry.c --> /usr/src/nvidia-550.163.01/nvidia/os-registry.c
-> Installing: kernel/nvidia/os-usermap.c --> /usr/src/nvidia-550.163.01/nvidia/os-usermap.c
-> Installing: kernel/nvidia/nv-modeset-interface.c --> /usr/src/nvidia-550.163.01/nvidia/nv-modeset-interface.c
-> Installing: kernel/nvidia/nv-pci-table.c --> /usr/src/nvidia-550.163.01/nvidia/nv-pci-table.c
-> Installing: kernel/nvidia/nv-kthread-q.c --> /usr/src/nvidia-550.163.01/nvidia/nv-kthread-q.c
-> Installing: kernel/nvidia/nv-memdbg.c --> /usr/src/nvidia-550.163.01/nvidia/nv-memdbg.c
-> Installing: kernel/nvidia/nv-ibmnpu.c --> /usr/src/nvidia-550.163.01/nvidia/nv-ibmnpu.c
-> Installing: kernel/nvidia/nv-report-err.c --> /usr/src/nvidia-550.163.01/nvidia/nv-report-err.c
-> Installing: kernel/nvidia/nv-rsync.c --> /usr/src/nvidia-550.163.01/nvidia/nv-rsync.c
-> Installing: kernel/nvidia/nv-msi.c --> /usr/src/nvidia-550.163.01/nvidia/nv-msi.c
-> Installing: kernel/nvidia/nv-caps.c --> /usr/src/nvidia-550.163.01/nvidia/nv-caps.c
-> Installing: kernel/nvidia/nv-caps-imex.c --> /usr/src/nvidia-550.163.01/nvidia/nv-caps-imex.c
-> Installing: kernel/common/inc/nv.h --> /usr/src/nvidia-550.163.01/common/inc/nv.h
-> Installing: kernel/common/inc/rm-gpu-ops.h --> /usr/src/nvidia-550.163.01/common/inc/rm-gpu-ops.h
-> Installing: kernel/common/inc/nv-ioctl.h --> /usr/src/nvidia-550.163.01/common/inc/nv-ioctl.h
-> Installing: kernel/common/inc/nv-ioctl-numa.h --> /usr/src/nvidia-550.163.01/common/inc/nv-ioctl-numa.h
-> Installing: kernel/common/inc/nv-ioctl-numbers.h --> /usr/src/nvidia-550.163.01/common/inc/nv-ioctl-numbers.h
-> Installing: kernel/common/inc/nv-pci.h --> /usr/src/nvidia-550.163.01/common/inc/nv-pci.h
-> Installing: kernel/common/inc/nv-dmabuf.h --> /usr/src/nvidia-550.163.01/common/inc/nv-dmabuf.h
-> Installing: kernel/common/inc/nv-pgprot.h --> /usr/src/nvidia-550.163.01/common/inc/nv-pgprot.h
-> Installing: kernel/common/inc/nv-linux.h --> /usr/src/nvidia-550.163.01/common/inc/nv-linux.h
-> Installing: kernel/common/inc/nv-memdbg.h --> /usr/src/nvidia-550.163.01/common/inc/nv-memdbg.h
-> Installing: kernel/nvidia/nv-p2p.h --> /usr/src/nvidia-550.163.01/nvidia/nv-p2p.h
-> Installing: kernel/common/inc/nv-proto.h --> /usr/src/nvidia-550.163.01/common/inc/nv-proto.h
-> Installing: kernel/common/inc/nv-msi.h --> /usr/src/nvidia-550.163.01/common/inc/nv-msi.h
-> Installing: kernel/nvidia/nv-reg.h --> /usr/src/nvidia-550.163.01/nvidia/nv-reg.h
-> Installing: kernel/common/inc/os-interface.h --> /usr/src/nvidia-550.163.01/common/inc/os-interface.h
-> Installing: kernel/nvidia/nv_gpu_ops.h --> /usr/src/nvidia-550.163.01/nvidia/nv_gpu_ops.h
-> Installing: kernel/common/inc/nvCpuUuid.h --> /usr/src/nvidia-550.163.01/common/inc/nvCpuUuid.h
-> Installing: kernel/nvidia/nv-pci-table.h --> /usr/src/nvidia-550.163.01/nvidia/nv-pci-table.h
-> Installing: kernel/nvidia/nv-pat.h --> /usr/src/nvidia-550.163.01/nvidia/nv-pat.h
-> Installing: kernel/nvidia/nv-ibmnpu.h --> /usr/src/nvidia-550.163.01/nvidia/nv-ibmnpu.h
-> Installing: kernel/nvidia/nv-report-err.h --> /usr/src/nvidia-550.163.01/nvidia/nv-report-err.h
-> Installing: kernel/nvidia/nv-rsync.h --> /usr/src/nvidia-550.163.01/nvidia/nv-rsync.h
-> Installing: kernel/common/inc/nv-caps.h --> /usr/src/nvidia-550.163.01/common/inc/nv-caps.h
-> Installing: kernel/nvidia/nv-caps-imex.h --> /usr/src/nvidia-550.163.01/nvidia/nv-caps-imex.h
-> Installing: kernel/common/inc/nv-pci-types.h --> /usr/src/nvidia-550.163.01/common/inc/nv-pci-types.h
-> Installing: kernel/nvidia/detect-self-hosted.h --> /usr/src/nvidia-550.163.01/nvidia/detect-self-hosted.h
-> Installing: kernel/nvidia/nv_uvm_interface.c --> /usr/src/nvidia-550.163.01/nvidia/nv_uvm_interface.c
-> Installing: kernel/common/inc/nv_uvm_interface.h --> /usr/src/nvidia-550.163.01/common/inc/nv_uvm_interface.h
-> Installing: kernel/common/inc/nv_uvm_types.h --> /usr/src/nvidia-550.163.01/common/inc/nv_uvm_types.h
-> Installing: kernel/common/inc/nvgputypes.h --> /usr/src/nvidia-550.163.01/common/inc/nvgputypes.h
-> Installing: kernel/common/inc/nv-firmware-registry.h --> /usr/src/nvidia-550.163.01/common/inc/nv-firmware-registry.h
-> Installing: kernel/nvidia/rmp2pdefines.h --> /usr/src/nvidia-550.163.01/nvidia/rmp2pdefines.h
-> Installing: kernel/common/inc/nv-hypervisor.h --> /usr/src/nvidia-550.163.01/common/inc/nv-hypervisor.h
-> Installing: kernel/common/inc/nv-kernel-interface-api.h --> /usr/src/nvidia-550.163.01/common/inc/nv-kernel-interface-api.h
-> Installing: kernel/common/inc/nv_speculation_barrier.h --> /usr/src/nvidia-550.163.01/common/inc/nv_speculation_barrier.h
-> Installing: kernel/common/inc/os/nv_memory_type.h --> /usr/src/nvidia-550.163.01/common/inc/os/nv_memory_type.h
-> Installing: kernel/common/inc/nv-firmware.h --> /usr/src/nvidia-550.163.01/common/inc/nv-firmware.h
-> Installing: kernel/Makefile --> /usr/src/nvidia-550.163.01/Makefile
-> Installing: kernel/Kbuild --> /usr/src/nvidia-550.163.01/Kbuild
-> Installing: kernel/nvidia/nvidia.Kbuild --> /usr/src/nvidia-550.163.01/nvidia/nvidia.Kbuild
-> Installing: kernel/nvidia/nvidia-sources.Kbuild --> /usr/src/nvidia-550.163.01/nvidia/nvidia-sources.Kbuild
-> Installing: kernel/nvidia/libspdm_aead.c --> /usr/src/nvidia-550.163.01/nvidia/libspdm_aead.c
-> Installing: kernel/nvidia/libspdm_ecc.c --> /usr/src/nvidia-550.163.01/nvidia/libspdm_ecc.c
-> Installing: kernel/nvidia/libspdm_hkdf.c --> /usr/src/nvidia-550.163.01/nvidia/libspdm_hkdf.c
-> Installing: kernel/nvidia/libspdm_rand.c --> /usr/src/nvidia-550.163.01/nvidia/libspdm_rand.c
-> Installing: kernel/nvidia/libspdm_shash.c --> /usr/src/nvidia-550.163.01/nvidia/libspdm_shash.c
-> Installing: kernel/nvidia/libspdm_rsa.c --> /usr/src/nvidia-550.163.01/nvidia/libspdm_rsa.c
-> Installing: kernel/nvidia/libspdm_aead_aes_gcm.c --> /usr/src/nvidia-550.163.01/nvidia/libspdm_aead_aes_gcm.c
-> Installing: kernel/nvidia/libspdm_sha.c --> /usr/src/nvidia-550.163.01/nvidia/libspdm_sha.c
-> Installing: kernel/nvidia/libspdm_hmac_sha.c --> /usr/src/nvidia-550.163.01/nvidia/libspdm_hmac_sha.c
-> Installing: kernel/nvidia/libspdm_internal_crypt_lib.c --> /usr/src/nvidia-550.163.01/nvidia/libspdm_internal_crypt_lib.c
-> Installing: kernel/nvidia/libspdm_hkdf_sha.c --> /usr/src/nvidia-550.163.01/nvidia/libspdm_hkdf_sha.c
-> Installing: kernel/nvidia/libspdm_ec.c --> /usr/src/nvidia-550.163.01/nvidia/libspdm_ec.c
-> Installing: kernel/nvidia/libspdm_x509.c --> /usr/src/nvidia-550.163.01/nvidia/libspdm_x509.c
-> Installing: kernel/nvidia/libspdm_rsa_ext.c --> /usr/src/nvidia-550.163.01/nvidia/libspdm_rsa_ext.c
-> Installing: kernel/nvidia/internal_crypt_lib.h --> /usr/src/nvidia-550.163.01/nvidia/internal_crypt_lib.h
-> Installing: kernel/nvidia/library/cryptlib.h --> /usr/src/nvidia-550.163.01/nvidia/library/cryptlib.h
-> Installing: kernel/nvidia/hal/library/cryptlib/cryptlib_aead.h --> /usr/src/nvidia-550.163.01/nvidia/hal/library/cryptlib/cryptlib_aead.h
-> Installing: kernel/nvidia/hal/library/cryptlib/cryptlib_cert.h --> /usr/src/nvidia-550.163.01/nvidia/hal/library/cryptlib/cryptlib_cert.h
-> Installing: kernel/nvidia/hal/library/cryptlib/cryptlib_dh.h --> /usr/src/nvidia-550.163.01/nvidia/hal/library/cryptlib/cryptlib_dh.h
-> Installing: kernel/nvidia/hal/library/cryptlib/cryptlib_ec.h --> /usr/src/nvidia-550.163.01/nvidia/hal/library/cryptlib/cryptlib_ec.h
-> Installing: kernel/nvidia/hal/library/cryptlib/cryptlib_ecd.h --> /usr/src/nvidia-550.163.01/nvidia/hal/library/cryptlib/cryptlib_ecd.h
-> Installing: kernel/nvidia/hal/library/cryptlib/cryptlib_hash.h --> /usr/src/nvidia-550.163.01/nvidia/hal/library/cryptlib/cryptlib_hash.h
-> Installing: kernel/nvidia/hal/library/cryptlib/cryptlib_hkdf.h --> /usr/src/nvidia-550.163.01/nvidia/hal/library/cryptlib/cryptlib_hkdf.h
-> Installing: kernel/nvidia/hal/library/cryptlib/cryptlib_mac.h --> /usr/src/nvidia-550.163.01/nvidia/hal/library/cryptlib/cryptlib_mac.h
-> Installing: kernel/nvidia/hal/library/cryptlib/cryptlib_rsa.h --> /usr/src/nvidia-550.163.01/nvidia/hal/library/cryptlib/cryptlib_rsa.h
-> Installing: kernel/nvidia/hal/library/cryptlib/cryptlib_rng.h --> /usr/src/nvidia-550.163.01/nvidia/hal/library/cryptlib/cryptlib_rng.h
-> Installing: kernel/nvidia/hal/library/cryptlib/cryptlib_sm2.h --> /usr/src/nvidia-550.163.01/nvidia/hal/library/cryptlib/cryptlib_sm2.h
-> Installing: kernel/nvidia/internal/libspdm_lib_config.h --> /usr/src/nvidia-550.163.01/nvidia/internal/libspdm_lib_config.h
-> Installing: kernel/nvidia/library/spdm_lib_config.h --> /usr/src/nvidia-550.163.01/nvidia/library/spdm_lib_config.h
-> Installing: kernel/nvidia/nvspdm_cryptlib_extensions.h --> /usr/src/nvidia-550.163.01/nvidia/nvspdm_cryptlib_extensions.h
-> Installing: kernel/conftest.sh --> /usr/src/nvidia-550.163.01/conftest.sh
-> Installing: kernel/common/inc/conftest.h --> /usr/src/nvidia-550.163.01/common/inc/conftest.h
-> Installing: kernel/common/inc/nvtypes.h --> /usr/src/nvidia-550.163.01/common/inc/nvtypes.h
-> Installing: kernel/common/inc/nv-time.h --> /usr/src/nvidia-550.163.01/common/inc/nv-time.h
-> Installing: kernel/common/inc/nv-kref.h --> /usr/src/nvidia-550.163.01/common/inc/nv-kref.h
-> Installing: kernel/common/inc/nv-list-helpers.h --> /usr/src/nvidia-550.163.01/common/inc/nv-list-helpers.h
-> Installing: kernel/common/inc/nv-procfs.h --> /usr/src/nvidia-550.163.01/common/inc/nv-procfs.h
-> Installing: kernel/common/inc/nv-procfs-utils.h --> /usr/src/nvidia-550.163.01/common/inc/nv-procfs-utils.h
-> Installing: kernel/common/inc/nv-modeset-interface.h --> /usr/src/nvidia-550.163.01/common/inc/nv-modeset-interface.h
-> Installing: kernel/common/inc/nv-gpu-info.h --> /usr/src/nvidia-550.163.01/common/inc/nv-gpu-info.h
-> Installing: kernel/common/inc/nv-kthread-q.h --> /usr/src/nvidia-550.163.01/common/inc/nv-kthread-q.h
-> Installing: kernel/common/inc/nv-chardev-numbers.h --> /usr/src/nvidia-550.163.01/common/inc/nv-chardev-numbers.h
-> Installing: kernel/common/inc/nv-timer.h --> /usr/src/nvidia-550.163.01/common/inc/nv-timer.h
-> Installing: kernel/common/inc/nv-kthread-q-os.h --> /usr/src/nvidia-550.163.01/common/inc/nv-kthread-q-os.h
-> Installing: kernel/common/inc/nv-hash.h --> /usr/src/nvidia-550.163.01/common/inc/nv-hash.h
-> Installing: kernel/common/inc/cpuopsys.h --> /usr/src/nvidia-550.163.01/common/inc/cpuopsys.h
-> Installing: kernel/common/inc/nvlimits.h --> /usr/src/nvidia-550.163.01/common/inc/nvlimits.h
-> Installing: kernel/common/inc/nvstatus.h --> /usr/src/nvidia-550.163.01/common/inc/nvstatus.h
-> Installing: kernel/common/inc/nvstatuscodes.h --> /usr/src/nvidia-550.163.01/common/inc/nvstatuscodes.h
-> Installing: kernel/common/inc/nvmisc.h --> /usr/src/nvidia-550.163.01/common/inc/nvmisc.h
-> Installing: kernel/common/inc/nv-retpoline.h --> /usr/src/nvidia-550.163.01/common/inc/nv-retpoline.h
-> Installing: kernel/common/inc/nv-mm.h --> /usr/src/nvidia-550.163.01/common/inc/nv-mm.h
-> Installing: kernel/common/inc/nv-lock.h --> /usr/src/nvidia-550.163.01/common/inc/nv-lock.h
-> Installing: kernel/common/inc/nv_stdarg.h --> /usr/src/nvidia-550.163.01/common/inc/nv_stdarg.h
-> Installing: kernel/count-lines.mk --> /usr/src/nvidia-550.163.01/count-lines.mk
-> Installing: kernel/header-presence-tests.mk --> /usr/src/nvidia-550.163.01/header-presence-tests.mk
-> Installing: kernel/nvidia/nvlink_linux.c --> /usr/src/nvidia-550.163.01/nvidia/nvlink_linux.c
-> Installing: kernel/nvidia/nvlink_caps.c --> /usr/src/nvidia-550.163.01/nvidia/nvlink_caps.c
-> Installing: kernel/nvidia/nvlink_linux.h --> /usr/src/nvidia-550.163.01/nvidia/nvlink_linux.h
-> Installing: kernel/nvidia/nvlink_os.h --> /usr/src/nvidia-550.163.01/nvidia/nvlink_os.h
-> Installing: kernel/nvidia/nvlink_common.h --> /usr/src/nvidia-550.163.01/nvidia/nvlink_common.h
-> Installing: kernel/nvidia/nvlink_proto.h --> /usr/src/nvidia-550.163.01/nvidia/nvlink_proto.h
-> Installing: kernel/nvidia/nvlink_errors.h --> /usr/src/nvidia-550.163.01/nvidia/nvlink_errors.h
-> Installing: kernel/nvidia/nvlink_pci.h --> /usr/src/nvidia-550.163.01/nvidia/nvlink_pci.h
-> Installing: kernel/nvidia/nvlink_export.h --> /usr/src/nvidia-550.163.01/nvidia/nvlink_export.h
-> Installing: kernel/nvidia/nvlink_caps.h --> /usr/src/nvidia-550.163.01/nvidia/nvlink_caps.h
-> Installing: kernel/nvidia/linux_nvswitch.c --> /usr/src/nvidia-550.163.01/nvidia/linux_nvswitch.c
-> Installing: kernel/nvidia/export_nvswitch.h --> /usr/src/nvidia-550.163.01/nvidia/export_nvswitch.h
-> Installing: kernel/nvidia/ioctl_nvswitch.h --> /usr/src/nvidia-550.163.01/nvidia/ioctl_nvswitch.h
-> Installing: kernel/nvidia/ioctl_common_nvswitch.h --> /usr/src/nvidia-550.163.01/nvidia/ioctl_common_nvswitch.h
-> Installing: kernel/nvidia/procfs_nvswitch.c --> /usr/src/nvidia-550.163.01/nvidia/procfs_nvswitch.c
-> Installing: kernel/nvidia/linux_nvswitch.h --> /usr/src/nvidia-550.163.01/nvidia/linux_nvswitch.h
-> Installing: kernel/nvidia/i2c_nvswitch.c --> /usr/src/nvidia-550.163.01/nvidia/i2c_nvswitch.c
-> Installing: kernel/nvidia-uvm/uvm_ats_sva.h --> /usr/src/nvidia-550.163.01/nvidia-uvm/uvm_ats_sva.h
-> Installing: kernel/nvidia-uvm/uvm_ats_sva.c --> /usr/src/nvidia-550.163.01/nvidia-uvm/uvm_ats_sva.c
-> Installing: kernel/nvidia-uvm/clcba2.h --> /usr/src/nvidia-550.163.01/nvidia-uvm/clcba2.h
-> Installing: kernel/nvidia-uvm/uvm_conf_computing.c --> /usr/src/nvidia-550.163.01/nvidia-uvm/uvm_conf_computing.c
-> Installing: kernel/nvidia-uvm/uvm_conf_computing.h --> /usr/src/nvidia-550.163.01/nvidia-uvm/uvm_conf_computing.h
-> Installing: kernel/nvidia-uvm/uvm_sec2_test.c --> /usr/src/nvidia-550.163.01/nvidia-uvm/uvm_sec2_test.c
-> Installing: kernel/nvidia-uvm/uvm_maxwell_sec2.c --> /usr/src/nvidia-550.163.01/nvidia-uvm/uvm_maxwell_sec2.c
-> Installing: kernel/nvidia-uvm/uvm_hopper_sec2.c --> /usr/src/nvidia-550.163.01/nvidia-uvm/uvm_hopper_sec2.c
-> Installing: kernel/nvidia-uvm/uvm_common.c --> /usr/src/nvidia-550.163.01/nvidia-uvm/uvm_common.c
-> Installing: kernel/nvidia-uvm/uvm_linux.c --> /usr/src/nvidia-550.163.01/nvidia-uvm/uvm_linux.c
-> Installing: kernel/nvidia-uvm/nvstatus.c --> /usr/src/nvidia-550.163.01/nvidia-uvm/nvstatus.c
-> Installing: kernel/nvidia-uvm/nvCpuUuid.c --> /usr/src/nvidia-550.163.01/nvidia-uvm/nvCpuUuid.c
-> Installing: kernel/nvidia-uvm/nv-kthread-q.c --> /usr/src/nvidia-550.163.01/nvidia-uvm/nv-kthread-q.c
-> Installing: kernel/nvidia-uvm/nv-kthread-q-selftest.c --> /usr/src/nvidia-550.163.01/nvidia-uvm/nv-kthread-q-selftest.c
-> Installing: kernel/nvidia-uvm/uvm_common.h --> /usr/src/nvidia-550.163.01/nvidia-uvm/uvm_common.h
-> Installing: kernel/nvidia-uvm/uvm_linux.h --> /usr/src/nvidia-550.163.01/nvidia-uvm/uvm_linux.h
-> Installing: kernel/nvidia-uvm/uvm_unit_test.h --> /usr/src/nvidia-550.163.01/nvidia-uvm/uvm_unit_test.h
-> Installing: kernel/nvidia-uvm/uvm.h --> /usr/src/nvidia-550.163.01/nvidia-uvm/uvm.h
-> Installing: kernel/nvidia-uvm/uvm_ioctl.h --> /usr/src/nvidia-550.163.01/nvidia-uvm/uvm_ioctl.h
-> Installing: kernel/nvidia-uvm/uvm_linux_ioctl.h --> /usr/src/nvidia-550.163.01/nvidia-uvm/uvm_linux_ioctl.h
-> Installing: kernel/nvidia-uvm/uvm_types.h --> /usr/src/nvidia-550.163.01/nvidia-uvm/uvm_types.h
-> Installing: kernel/nvidia-uvm/cla16f.h --> /usr/src/nvidia-550.163.01/nvidia-uvm/cla16f.h
-> Installing: kernel/nvidia-uvm/clb06f.h --> /usr/src/nvidia-550.163.01/nvidia-uvm/clb06f.h
-> Installing: kernel/nvidia-uvm/clc06f.h --> /usr/src/nvidia-550.163.01/nvidia-uvm/clc06f.h
-> Installing: kernel/nvidia-uvm/cla06fsubch.h --> /usr/src/nvidia-550.163.01/nvidia-uvm/cla06fsubch.h
-> Installing: kernel/nvidia-uvm/clb0b5.h --> /usr/src/nvidia-550.163.01/nvidia-uvm/clb0b5.h
-> Installing: kernel/nvidia-uvm/clc0b5.h --> /usr/src/nvidia-550.163.01/nvidia-uvm/clc0b5.h
-> Installing: kernel/nvidia-uvm/clc1b5.h --> /usr/src/nvidia-550.163.01/nvidia-uvm/clc1b5.h
-> Installing: kernel/nvidia-uvm/clc076.h --> /usr/src/nvidia-550.163.01/nvidia-uvm/clc076.h
-> Installing: kernel/nvidia-uvm/clb069.h --> /usr/src/nvidia-550.163.01/nvidia-uvm/clb069.h
-> Installing: kernel/nvidia-uvm/clc369.h --> /usr/src/nvidia-550.163.01/nvidia-uvm/clc369.h
-> Installing: kernel/nvidia-uvm/clc365.h --> /usr/src/nvidia-550.163.01/nvidia-uvm/clc365.h
-> Installing: kernel/nvidia-uvm/clc36f.h --> /usr/src/nvidia-550.163.01/nvidia-uvm/clc36f.h
-> Installing: kernel/nvidia-uvm/clc46f.h --> /usr/src/nvidia-550.163.01/nvidia-uvm/clc46f.h
-> Installing: kernel/nvidia-uvm/clc5b5.h --> /usr/src/nvidia-550.163.01/nvidia-uvm/clc5b5.h
-> Installing: kernel/nvidia-uvm/clc6b5.h --> /usr/src/nvidia-550.163.01/nvidia-uvm/clc6b5.h
-> Installing: kernel/nvidia-uvm/clc56f.h --> /usr/src/nvidia-550.163.01/nvidia-uvm/clc56f.h
-> Installing: kernel/nvidia-uvm/clc7b5.h --> /usr/src/nvidia-550.163.01/nvidia-uvm/clc7b5.h
-> Installing: kernel/nvidia-uvm/clc86f.h --> /usr/src/nvidia-550.163.01/nvidia-uvm/clc86f.h
-> Installing: kernel/nvidia-uvm/clc8b5.h --> /usr/src/nvidia-550.163.01/nvidia-uvm/clc8b5.h
-> Installing: kernel/nvidia-uvm/clc3b5.h --> /usr/src/nvidia-550.163.01/nvidia-uvm/clc3b5.h
-> Installing: kernel/nvidia-uvm/ctrl2080mc.h --> /usr/src/nvidia-550.163.01/nvidia-uvm/ctrl2080mc.h
-> Installing: kernel/nvidia-uvm/hwref/maxwell/gm107/dev_mmu.h --> /usr/src/nvidia-550.163.01/nvidia-uvm/hwref/maxwell/gm107/dev_mmu.h
-> Installing: kernel/nvidia-uvm/hwref/volta/gv100/dev_mmu.h --> /usr/src/nvidia-550.163.01/nvidia-uvm/hwref/volta/gv100/dev_mmu.h
-> Installing: kernel/nvidia-uvm/hwref/pascal/gp100/dev_mmu.h --> /usr/src/nvidia-550.163.01/nvidia-uvm/hwref/pascal/gp100/dev_mmu.h
-> Installing: kernel/nvidia-uvm/hwref/pascal/gp100/dev_fault.h --> /usr/src/nvidia-550.163.01/nvidia-uvm/hwref/pascal/gp100/dev_fault.h
-> Installing: kernel/nvidia-uvm/hwref/pascal/gp100/dev_fb.h --> /usr/src/nvidia-550.163.01/nvidia-uvm/hwref/pascal/gp100/dev_fb.h
-> Installing: kernel/nvidia-uvm/hwref/volta/gv100/dev_fault.h --> /usr/src/nvidia-550.163.01/nvidia-uvm/hwref/volta/gv100/dev_fault.h
-> Installing: kernel/nvidia-uvm/hwref/turing/tu102/dev_mmu.h --> /usr/src/nvidia-550.163.01/nvidia-uvm/hwref/turing/tu102/dev_mmu.h
-> Installing: kernel/nvidia-uvm/hwref/turing/tu102/dev_fault.h --> /usr/src/nvidia-550.163.01/nvidia-uvm/hwref/turing/tu102/dev_fault.h
-> Installing: kernel/nvidia-uvm/hwref/ampere/ga100/dev_fault.h --> /usr/src/nvidia-550.163.01/nvidia-uvm/hwref/ampere/ga100/dev_fault.h
-> Installing: kernel/nvidia-uvm/hwref/ampere/ga100/dev_runlist.h --> /usr/src/nvidia-550.163.01/nvidia-uvm/hwref/ampere/ga100/dev_runlist.h
-> Installing: kernel/nvidia-uvm/hwref/hopper/gh100/dev_fault.h --> /usr/src/nvidia-550.163.01/nvidia-uvm/hwref/hopper/gh100/dev_fault.h
-> Installing: kernel/nvidia-uvm/hwref/hopper/gh100/dev_mmu.h --> /usr/src/nvidia-550.163.01/nvidia-uvm/hwref/hopper/gh100/dev_mmu.h
-> Installing: kernel/nvidia-uvm/hwref/volta/gv100/dev_fb.h --> /usr/src/nvidia-550.163.01/nvidia-uvm/hwref/volta/gv100/dev_fb.h
-> Installing: kernel/nvidia-uvm/nvidia-uvm.Kbuild --> /usr/src/nvidia-550.163.01/nvidia-uvm/nvidia-uvm.Kbuild
-> Installing: kernel/nvidia-uvm/nvidia-uvm-sources.Kbuild --> /usr/src/nvidia-550.163.01/nvidia-uvm/nvidia-uvm-sources.Kbuild
-> Installing: kernel/nvidia-uvm/uvm.c --> /usr/src/nvidia-550.163.01/nvidia-uvm/uvm.c
-> Installing: kernel/nvidia-uvm/uvm_tools_init.h --> /usr/src/nvidia-550.163.01/nvidia-uvm/uvm_tools_init.h
-> Installing: kernel/nvidia-uvm/uvm_tools.h --> /usr/src/nvidia-550.163.01/nvidia-uvm/uvm_tools.h
-> Installing: kernel/nvidia-uvm/uvm_tools.c --> /usr/src/nvidia-550.163.01/nvidia-uvm/uvm_tools.c
-> Installing: kernel/nvidia-uvm/uvm_global.h --> /usr/src/nvidia-550.163.01/nvidia-uvm/uvm_global.h
-> Installing: kernel/nvidia-uvm/uvm_global.c --> /usr/src/nvidia-550.163.01/nvidia-uvm/uvm_global.c
-> Installing: kernel/nvidia-uvm/uvm_gpu.h --> /usr/src/nvidia-550.163.01/nvidia-uvm/uvm_gpu.h
-> Installing: kernel/nvidia-uvm/uvm_gpu.c --> /usr/src/nvidia-550.163.01/nvidia-uvm/uvm_gpu.c
-> Installing: kernel/nvidia-uvm/uvm_gpu_isr.h --> /usr/src/nvidia-550.163.01/nvidia-uvm/uvm_gpu_isr.h
-> Installing: kernel/nvidia-uvm/uvm_gpu_isr.c --> /usr/src/nvidia-550.163.01/nvidia-uvm/uvm_gpu_isr.c
-> Installing: kernel/nvidia-uvm/uvm_procfs.h --> /usr/src/nvidia-550.163.01/nvidia-uvm/uvm_procfs.h
-> Installing: kernel/nvidia-uvm/uvm_procfs.c --> /usr/src/nvidia-550.163.01/nvidia-uvm/uvm_procfs.c
-> Installing: kernel/nvidia-uvm/uvm_va_space.h --> /usr/src/nvidia-550.163.01/nvidia-uvm/uvm_va_space.h
-> Installing: kernel/nvidia-uvm/uvm_va_space.c --> /usr/src/nvidia-550.163.01/nvidia-uvm/uvm_va_space.c
-> Installing: kernel/nvidia-uvm/uvm_va_space_mm.h --> /usr/src/nvidia-550.163.01/nvidia-uvm/uvm_va_space_mm.h
-> Installing: kernel/nvidia-uvm/uvm_va_space_mm.c --> /usr/src/nvidia-550.163.01/nvidia-uvm/uvm_va_space_mm.c
-> Installing: kernel/nvidia-uvm/uvm_gpu_semaphore.h --> /usr/src/nvidia-550.163.01/nvidia-uvm/uvm_gpu_semaphore.h
-> Installing: kernel/nvidia-uvm/uvm_gpu_semaphore.c --> /usr/src/nvidia-550.163.01/nvidia-uvm/uvm_gpu_semaphore.c
-> Installing: kernel/nvidia-uvm/uvm_mem.h --> /usr/src/nvidia-550.163.01/nvidia-uvm/uvm_mem.h
-> Installing: kernel/nvidia-uvm/uvm_mem.c --> /usr/src/nvidia-550.163.01/nvidia-uvm/uvm_mem.c
-> Installing: kernel/nvidia-uvm/uvm_rm_mem.h --> /usr/src/nvidia-550.163.01/nvidia-uvm/uvm_rm_mem.h
-> Installing: kernel/nvidia-uvm/uvm_rm_mem.c --> /usr/src/nvidia-550.163.01/nvidia-uvm/uvm_rm_mem.c
-> Installing: kernel/nvidia-uvm/uvm_channel.h --> /usr/src/nvidia-550.163.01/nvidia-uvm/uvm_channel.h
-> Installing: kernel/nvidia-uvm/uvm_channel.c --> /usr/src/nvidia-550.163.01/nvidia-uvm/uvm_channel.c
-> Installing: kernel/nvidia-uvm/uvm_lock.h --> /usr/src/nvidia-550.163.01/nvidia-uvm/uvm_lock.h
-> Installing: kernel/nvidia-uvm/uvm_lock.c --> /usr/src/nvidia-550.163.01/nvidia-uvm/uvm_lock.c
-> Installing: kernel/nvidia-uvm/uvm_api.h --> /usr/src/nvidia-550.163.01/nvidia-uvm/uvm_api.h
-> Installing: kernel/nvidia-uvm/uvm_hal.h --> /usr/src/nvidia-550.163.01/nvidia-uvm/uvm_hal.h
-> Installing: kernel/nvidia-uvm/uvm_hal.c --> /usr/src/nvidia-550.163.01/nvidia-uvm/uvm_hal.c
-> Installing: kernel/nvidia-uvm/uvm_hal_types.h --> /usr/src/nvidia-550.163.01/nvidia-uvm/uvm_hal_types.h
-> Installing: kernel/nvidia-uvm/uvm_extern_decl.h --> /usr/src/nvidia-550.163.01/nvidia-uvm/uvm_extern_decl.h
-> Installing: kernel/nvidia-uvm/uvm_forward_decl.h --> /usr/src/nvidia-550.163.01/nvidia-uvm/uvm_forward_decl.h
-> Installing: kernel/nvidia-uvm/uvm_processors.h --> /usr/src/nvidia-550.163.01/nvidia-uvm/uvm_processors.h
-> Installing: kernel/nvidia-uvm/uvm_processors.c --> /usr/src/nvidia-550.163.01/nvidia-uvm/uvm_processors.c
-> Installing: kernel/nvidia-uvm/uvm_range_tree.h --> /usr/src/nvidia-550.163.01/nvidia-uvm/uvm_range_tree.h
-> Installing: kernel/nvidia-uvm/uvm_range_tree.c --> /usr/src/nvidia-550.163.01/nvidia-uvm/uvm_range_tree.c
-> Installing: kernel/nvidia-uvm/uvm_rb_tree.h --> /usr/src/nvidia-550.163.01/nvidia-uvm/uvm_rb_tree.h
-> Installing: kernel/nvidia-uvm/uvm_rb_tree.c --> /usr/src/nvidia-550.163.01/nvidia-uvm/uvm_rb_tree.c
-> Installing: kernel/nvidia-uvm/uvm_range_allocator.h --> /usr/src/nvidia-550.163.01/nvidia-uvm/uvm_range_allocator.h
-> Installing: kernel/nvidia-uvm/uvm_range_allocator.c --> /usr/src/nvidia-550.163.01/nvidia-uvm/uvm_range_allocator.c
-> Installing: kernel/nvidia-uvm/uvm_va_range.h --> /usr/src/nvidia-550.163.01/nvidia-uvm/uvm_va_range.h
-> Installing: kernel/nvidia-uvm/uvm_va_range.c --> /usr/src/nvidia-550.163.01/nvidia-uvm/uvm_va_range.c
-> Installing: kernel/nvidia-uvm/uvm_va_policy.h --> /usr/src/nvidia-550.163.01/nvidia-uvm/uvm_va_policy.h
-> Installing: kernel/nvidia-uvm/uvm_va_policy.c --> /usr/src/nvidia-550.163.01/nvidia-uvm/uvm_va_policy.c
-> Installing: kernel/nvidia-uvm/uvm_va_block.h --> /usr/src/nvidia-550.163.01/nvidia-uvm/uvm_va_block.h
-> Installing: kernel/nvidia-uvm/uvm_va_block_types.h --> /usr/src/nvidia-550.163.01/nvidia-uvm/uvm_va_block_types.h
-> Installing: kernel/nvidia-uvm/uvm_va_block.c --> /usr/src/nvidia-550.163.01/nvidia-uvm/uvm_va_block.c
-> Installing: kernel/nvidia-uvm/uvm_range_group.c --> /usr/src/nvidia-550.163.01/nvidia-uvm/uvm_range_group.c
-> Installing: kernel/nvidia-uvm/uvm_range_group.h --> /usr/src/nvidia-550.163.01/nvidia-uvm/uvm_range_group.h
-> Installing: kernel/nvidia-uvm/uvm_gpu_replayable_faults.h --> /usr/src/nvidia-550.163.01/nvidia-uvm/uvm_gpu_replayable_faults.h
-> Installing: kernel/nvidia-uvm/uvm_gpu_replayable_faults.c --> /usr/src/nvidia-550.163.01/nvidia-uvm/uvm_gpu_replayable_faults.c
-> Installing: kernel/nvidia-uvm/uvm_gpu_non_replayable_faults.c --> /usr/src/nvidia-550.163.01/nvidia-uvm/uvm_gpu_non_replayable_faults.c
-> Installing: kernel/nvidia-uvm/uvm_gpu_non_replayable_faults.h --> /usr/src/nvidia-550.163.01/nvidia-uvm/uvm_gpu_non_replayable_faults.h
-> Installing: kernel/nvidia-uvm/uvm_gpu_access_counters.c --> /usr/src/nvidia-550.163.01/nvidia-uvm/uvm_gpu_access_counters.c
-> Installing: kernel/nvidia-uvm/uvm_gpu_access_counters.h --> /usr/src/nvidia-550.163.01/nvidia-uvm/uvm_gpu_access_counters.h
-> Installing: kernel/nvidia-uvm/uvm_perf_events.h --> /usr/src/nvidia-550.163.01/nvidia-uvm/uvm_perf_events.h
-> Installing: kernel/nvidia-uvm/uvm_perf_events.c --> /usr/src/nvidia-550.163.01/nvidia-uvm/uvm_perf_events.c
-> Installing: kernel/nvidia-uvm/uvm_perf_module.h --> /usr/src/nvidia-550.163.01/nvidia-uvm/uvm_perf_module.h
-> Installing: kernel/nvidia-uvm/uvm_perf_module.c --> /usr/src/nvidia-550.163.01/nvidia-uvm/uvm_perf_module.c
-> Installing: kernel/nvidia-uvm/uvm_mmu.h --> /usr/src/nvidia-550.163.01/nvidia-uvm/uvm_mmu.h
-> Installing: kernel/nvidia-uvm/uvm_mmu.c --> /usr/src/nvidia-550.163.01/nvidia-uvm/uvm_mmu.c
-> Installing: kernel/nvidia-uvm/uvm_pte_batch.h --> /usr/src/nvidia-550.163.01/nvidia-uvm/uvm_pte_batch.h
-> Installing: kernel/nvidia-uvm/uvm_pte_batch.c --> /usr/src/nvidia-550.163.01/nvidia-uvm/uvm_pte_batch.c
-> Installing: kernel/nvidia-uvm/uvm_tlb_batch.h --> /usr/src/nvidia-550.163.01/nvidia-uvm/uvm_tlb_batch.h
-> Installing: kernel/nvidia-uvm/uvm_tlb_batch.c --> /usr/src/nvidia-550.163.01/nvidia-uvm/uvm_tlb_batch.c
-> Installing: kernel/nvidia-uvm/uvm_push_macros.h --> /usr/src/nvidia-550.163.01/nvidia-uvm/uvm_push_macros.h
-> Installing: kernel/nvidia-uvm/uvm_push.h --> /usr/src/nvidia-550.163.01/nvidia-uvm/uvm_push.h
-> Installing: kernel/nvidia-uvm/uvm_push.c --> /usr/src/nvidia-550.163.01/nvidia-uvm/uvm_push.c
-> Installing: kernel/nvidia-uvm/uvm_pushbuffer.h --> /usr/src/nvidia-550.163.01/nvidia-uvm/uvm_pushbuffer.h
-> Installing: kernel/nvidia-uvm/uvm_pushbuffer.c --> /usr/src/nvidia-550.163.01/nvidia-uvm/uvm_pushbuffer.c
-> Installing: kernel/nvidia-uvm/uvm_thread_context.h --> /usr/src/nvidia-550.163.01/nvidia-uvm/uvm_thread_context.h
-> Installing: kernel/nvidia-uvm/uvm_thread_context.c --> /usr/src/nvidia-550.163.01/nvidia-uvm/uvm_thread_context.c
-> Installing: kernel/nvidia-uvm/uvm_tracker.h --> /usr/src/nvidia-550.163.01/nvidia-uvm/uvm_tracker.h
-> Installing: kernel/nvidia-uvm/uvm_tracker.c --> /usr/src/nvidia-550.163.01/nvidia-uvm/uvm_tracker.c
-> Installing: kernel/nvidia-uvm/uvm_maxwell.c --> /usr/src/nvidia-550.163.01/nvidia-uvm/uvm_maxwell.c
-> Installing: kernel/nvidia-uvm/uvm_maxwell_host.c --> /usr/src/nvidia-550.163.01/nvidia-uvm/uvm_maxwell_host.c
-> Installing: kernel/nvidia-uvm/uvm_maxwell_ce.c --> /usr/src/nvidia-550.163.01/nvidia-uvm/uvm_maxwell_ce.c
-> Installing: kernel/nvidia-uvm/uvm_maxwell_mmu.c --> /usr/src/nvidia-550.163.01/nvidia-uvm/uvm_maxwell_mmu.c
-> Installing: kernel/nvidia-uvm/uvm_maxwell_fault_buffer.c --> /usr/src/nvidia-550.163.01/nvidia-uvm/uvm_maxwell_fault_buffer.c
-> Installing: kernel/nvidia-uvm/uvm_maxwell_access_counter_buffer.c --> /usr/src/nvidia-550.163.01/nvidia-uvm/uvm_maxwell_access_counter_buffer.c
-> Installing: kernel/nvidia-uvm/uvm_pascal.c --> /usr/src/nvidia-550.163.01/nvidia-uvm/uvm_pascal.c
-> Installing: kernel/nvidia-uvm/uvm_pascal_ce.c --> /usr/src/nvidia-550.163.01/nvidia-uvm/uvm_pascal_ce.c
-> Installing: kernel/nvidia-uvm/uvm_pascal_host.c --> /usr/src/nvidia-550.163.01/nvidia-uvm/uvm_pascal_host.c
-> Installing: kernel/nvidia-uvm/uvm_pascal_mmu.c --> /usr/src/nvidia-550.163.01/nvidia-uvm/uvm_pascal_mmu.c
-> Installing: kernel/nvidia-uvm/uvm_pascal_fault_buffer.c --> /usr/src/nvidia-550.163.01/nvidia-uvm/uvm_pascal_fault_buffer.c
-> Installing: kernel/nvidia-uvm/uvm_pascal_fault_buffer.h --> /usr/src/nvidia-550.163.01/nvidia-uvm/uvm_pascal_fault_buffer.h
-> Installing: kernel/nvidia-uvm/uvm_volta_ce.c --> /usr/src/nvidia-550.163.01/nvidia-uvm/uvm_volta_ce.c
-> Installing: kernel/nvidia-uvm/uvm_volta_host.c --> /usr/src/nvidia-550.163.01/nvidia-uvm/uvm_volta_host.c
-> Installing: kernel/nvidia-uvm/uvm_volta_mmu.c --> /usr/src/nvidia-550.163.01/nvidia-uvm/uvm_volta_mmu.c
-> Installing: kernel/nvidia-uvm/uvm_volta.c --> /usr/src/nvidia-550.163.01/nvidia-uvm/uvm_volta.c
-> Installing: kernel/nvidia-uvm/uvm_volta_fault_buffer.c --> /usr/src/nvidia-550.163.01/nvidia-uvm/uvm_volta_fault_buffer.c
-> Installing: kernel/nvidia-uvm/uvm_volta_fault_buffer.h --> /usr/src/nvidia-550.163.01/nvidia-uvm/uvm_volta_fault_buffer.h
-> Installing: kernel/nvidia-uvm/uvm_volta_access_counter_buffer.c --> /usr/src/nvidia-550.163.01/nvidia-uvm/uvm_volta_access_counter_buffer.c
-> Installing: kernel/nvidia-uvm/uvm_turing.c --> /usr/src/nvidia-550.163.01/nvidia-uvm/uvm_turing.c
-> Installing: kernel/nvidia-uvm/uvm_turing_access_counter_buffer.c --> /usr/src/nvidia-550.163.01/nvidia-uvm/uvm_turing_access_counter_buffer.c
-> Installing: kernel/nvidia-uvm/uvm_turing_fault_buffer.c --> /usr/src/nvidia-550.163.01/nvidia-uvm/uvm_turing_fault_buffer.c
-> Installing: kernel/nvidia-uvm/uvm_turing_fault_buffer.h --> /usr/src/nvidia-550.163.01/nvidia-uvm/uvm_turing_fault_buffer.h
-> Installing: kernel/nvidia-uvm/uvm_turing_mmu.c --> /usr/src/nvidia-550.163.01/nvidia-uvm/uvm_turing_mmu.c
-> Installing: kernel/nvidia-uvm/uvm_turing_host.c --> /usr/src/nvidia-550.163.01/nvidia-uvm/uvm_turing_host.c
-> Installing: kernel/nvidia-uvm/uvm_ampere.c --> /usr/src/nvidia-550.163.01/nvidia-uvm/uvm_ampere.c
-> Installing: kernel/nvidia-uvm/uvm_ampere_ce.c --> /usr/src/nvidia-550.163.01/nvidia-uvm/uvm_ampere_ce.c
-> Installing: kernel/nvidia-uvm/uvm_ampere_host.c --> /usr/src/nvidia-550.163.01/nvidia-uvm/uvm_ampere_host.c
-> Installing: kernel/nvidia-uvm/uvm_ampere_fault_buffer.h --> /usr/src/nvidia-550.163.01/nvidia-uvm/uvm_ampere_fault_buffer.h
-> Installing: kernel/nvidia-uvm/uvm_ampere_mmu.c --> /usr/src/nvidia-550.163.01/nvidia-uvm/uvm_ampere_mmu.c
-> Installing: kernel/nvidia-uvm/uvm_hopper.c --> /usr/src/nvidia-550.163.01/nvidia-uvm/uvm_hopper.c
-> Installing: kernel/nvidia-uvm/uvm_hopper_fault_buffer.c --> /usr/src/nvidia-550.163.01/nvidia-uvm/uvm_hopper_fault_buffer.c
-> Installing: kernel/nvidia-uvm/uvm_hopper_fault_buffer.h --> /usr/src/nvidia-550.163.01/nvidia-uvm/uvm_hopper_fault_buffer.h
-> Installing: kernel/nvidia-uvm/uvm_hopper_ce.c --> /usr/src/nvidia-550.163.01/nvidia-uvm/uvm_hopper_ce.c
-> Installing: kernel/nvidia-uvm/uvm_hopper_host.c --> /usr/src/nvidia-550.163.01/nvidia-uvm/uvm_hopper_host.c
-> Installing: kernel/nvidia-uvm/uvm_hopper_mmu.c --> /usr/src/nvidia-550.163.01/nvidia-uvm/uvm_hopper_mmu.c
-> Installing: kernel/nvidia-uvm/uvm_ada.c --> /usr/src/nvidia-550.163.01/nvidia-uvm/uvm_ada.c
-> Installing: kernel/nvidia-uvm/uvm_ada_fault_buffer.h --> /usr/src/nvidia-550.163.01/nvidia-uvm/uvm_ada_fault_buffer.h
-> Installing: kernel/nvidia-uvm/uvm_policy.c --> /usr/src/nvidia-550.163.01/nvidia-uvm/uvm_policy.c
-> Installing: kernel/nvidia-uvm/uvm_perf_utils.h --> /usr/src/nvidia-550.163.01/nvidia-uvm/uvm_perf_utils.h
-> Installing: kernel/nvidia-uvm/uvm_perf_utils.c --> /usr/src/nvidia-550.163.01/nvidia-uvm/uvm_perf_utils.c
-> Installing: kernel/nvidia-uvm/uvm_kvmalloc.h --> /usr/src/nvidia-550.163.01/nvidia-uvm/uvm_kvmalloc.h
-> Installing: kernel/nvidia-uvm/uvm_kvmalloc.c --> /usr/src/nvidia-550.163.01/nvidia-uvm/uvm_kvmalloc.c
-> Installing: kernel/nvidia-uvm/uvm_pmm_sysmem.h --> /usr/src/nvidia-550.163.01/nvidia-uvm/uvm_pmm_sysmem.h
-> Installing: kernel/nvidia-uvm/uvm_pmm_sysmem.c --> /usr/src/nvidia-550.163.01/nvidia-uvm/uvm_pmm_sysmem.c
-> Installing: kernel/nvidia-uvm/uvm_pmm_gpu.h --> /usr/src/nvidia-550.163.01/nvidia-uvm/uvm_pmm_gpu.h
-> Installing: kernel/nvidia-uvm/uvm_pmm_gpu.c --> /usr/src/nvidia-550.163.01/nvidia-uvm/uvm_pmm_gpu.c
-> Installing: kernel/nvidia-uvm/uvm_migrate.c --> /usr/src/nvidia-550.163.01/nvidia-uvm/uvm_migrate.c
-> Installing: kernel/nvidia-uvm/uvm_migrate.h --> /usr/src/nvidia-550.163.01/nvidia-uvm/uvm_migrate.h
-> Installing: kernel/nvidia-uvm/uvm_populate_pageable.c --> /usr/src/nvidia-550.163.01/nvidia-uvm/uvm_populate_pageable.c
-> Installing: kernel/nvidia-uvm/uvm_populate_pageable.h --> /usr/src/nvidia-550.163.01/nvidia-uvm/uvm_populate_pageable.h
-> Installing: kernel/nvidia-uvm/uvm_migrate_pageable.c --> /usr/src/nvidia-550.163.01/nvidia-uvm/uvm_migrate_pageable.c
-> Installing: kernel/nvidia-uvm/uvm_migrate_pageable.h --> /usr/src/nvidia-550.163.01/nvidia-uvm/uvm_migrate_pageable.h
-> Installing: kernel/nvidia-uvm/uvm_map_external.h --> /usr/src/nvidia-550.163.01/nvidia-uvm/uvm_map_external.h
-> Installing: kernel/nvidia-uvm/uvm_map_external.c --> /usr/src/nvidia-550.163.01/nvidia-uvm/uvm_map_external.c
-> Installing: kernel/nvidia-uvm/uvm_user_channel.h --> /usr/src/nvidia-550.163.01/nvidia-uvm/uvm_user_channel.h
-> Installing: kernel/nvidia-uvm/uvm_user_channel.c --> /usr/src/nvidia-550.163.01/nvidia-uvm/uvm_user_channel.c
-> Installing: kernel/nvidia-uvm/uvm_hmm.h --> /usr/src/nvidia-550.163.01/nvidia-uvm/uvm_hmm.h
-> Installing: kernel/nvidia-uvm/uvm_hmm.c --> /usr/src/nvidia-550.163.01/nvidia-uvm/uvm_hmm.c
-> Installing: kernel/nvidia-uvm/uvm_perf_heuristics.h --> /usr/src/nvidia-550.163.01/nvidia-uvm/uvm_perf_heuristics.h
-> Installing: kernel/nvidia-uvm/uvm_perf_heuristics.c --> /usr/src/nvidia-550.163.01/nvidia-uvm/uvm_perf_heuristics.c
-> Installing: kernel/nvidia-uvm/uvm_perf_thrashing.h --> /usr/src/nvidia-550.163.01/nvidia-uvm/uvm_perf_thrashing.h
-> Installing: kernel/nvidia-uvm/uvm_perf_thrashing.c --> /usr/src/nvidia-550.163.01/nvidia-uvm/uvm_perf_thrashing.c
-> Installing: kernel/nvidia-uvm/uvm_perf_prefetch.h --> /usr/src/nvidia-550.163.01/nvidia-uvm/uvm_perf_prefetch.h
-> Installing: kernel/nvidia-uvm/uvm_perf_prefetch.c --> /usr/src/nvidia-550.163.01/nvidia-uvm/uvm_perf_prefetch.c
-> Installing: kernel/nvidia-uvm/uvm_ats.h --> /usr/src/nvidia-550.163.01/nvidia-uvm/uvm_ats.h
-> Installing: kernel/nvidia-uvm/uvm_ats.c --> /usr/src/nvidia-550.163.01/nvidia-uvm/uvm_ats.c
-> Installing: kernel/nvidia-uvm/uvm_ats_ibm.h --> /usr/src/nvidia-550.163.01/nvidia-uvm/uvm_ats_ibm.h
-> Installing: kernel/nvidia-uvm/uvm_ats_ibm.c --> /usr/src/nvidia-550.163.01/nvidia-uvm/uvm_ats_ibm.c
-> Installing: kernel/nvidia-uvm/uvm_ats_faults.h --> /usr/src/nvidia-550.163.01/nvidia-uvm/uvm_ats_faults.h
-> Installing: kernel/nvidia-uvm/uvm_ats_faults.c --> /usr/src/nvidia-550.163.01/nvidia-uvm/uvm_ats_faults.c
-> Installing: kernel/nvidia-uvm/uvm_test.h --> /usr/src/nvidia-550.163.01/nvidia-uvm/uvm_test.h
-> Installing: kernel/nvidia-uvm/uvm_test.c --> /usr/src/nvidia-550.163.01/nvidia-uvm/uvm_test.c
-> Installing: kernel/nvidia-uvm/uvm_test_rng.h --> /usr/src/nvidia-550.163.01/nvidia-uvm/uvm_test_rng.h
-> Installing: kernel/nvidia-uvm/uvm_test_rng.c --> /usr/src/nvidia-550.163.01/nvidia-uvm/uvm_test_rng.c
-> Installing: kernel/nvidia-uvm/uvm_range_tree_test.c --> /usr/src/nvidia-550.163.01/nvidia-uvm/uvm_range_tree_test.c
-> Installing: kernel/nvidia-uvm/uvm_range_allocator_test.c --> /usr/src/nvidia-550.163.01/nvidia-uvm/uvm_range_allocator_test.c
-> Installing: kernel/nvidia-uvm/uvm_gpu_semaphore_test.c --> /usr/src/nvidia-550.163.01/nvidia-uvm/uvm_gpu_semaphore_test.c
-> Installing: kernel/nvidia-uvm/uvm_mem_test.c --> /usr/src/nvidia-550.163.01/nvidia-uvm/uvm_mem_test.c
-> Installing: kernel/nvidia-uvm/uvm_rm_mem_test.c --> /usr/src/nvidia-550.163.01/nvidia-uvm/uvm_rm_mem_test.c
-> Installing: kernel/nvidia-uvm/uvm_page_tree_test.c --> /usr/src/nvidia-550.163.01/nvidia-uvm/uvm_page_tree_test.c
-> Installing: kernel/nvidia-uvm/uvm_tracker_test.c --> /usr/src/nvidia-550.163.01/nvidia-uvm/uvm_tracker_test.c
-> Installing: kernel/nvidia-uvm/uvm_push_test.c --> /usr/src/nvidia-550.163.01/nvidia-uvm/uvm_push_test.c
-> Installing: kernel/nvidia-uvm/uvm_channel_test.c --> /usr/src/nvidia-550.163.01/nvidia-uvm/uvm_channel_test.c
-> Installing: kernel/nvidia-uvm/uvm_ce_test.c --> /usr/src/nvidia-550.163.01/nvidia-uvm/uvm_ce_test.c
-> Installing: kernel/nvidia-uvm/uvm_host_test.c --> /usr/src/nvidia-550.163.01/nvidia-uvm/uvm_host_test.c
-> Installing: kernel/nvidia-uvm/uvm_lock_test.c --> /usr/src/nvidia-550.163.01/nvidia-uvm/uvm_lock_test.c
-> Installing: kernel/nvidia-uvm/uvm_perf_utils_test.c --> /usr/src/nvidia-550.163.01/nvidia-uvm/uvm_perf_utils_test.c
-> Installing: kernel/nvidia-uvm/uvm_kvmalloc_test.c --> /usr/src/nvidia-550.163.01/nvidia-uvm/uvm_kvmalloc_test.c
-> Installing: kernel/nvidia-uvm/uvm_pmm_test.c --> /usr/src/nvidia-550.163.01/nvidia-uvm/uvm_pmm_test.c
-> Installing: kernel/nvidia-uvm/uvm_pmm_sysmem_test.c --> /usr/src/nvidia-550.163.01/nvidia-uvm/uvm_pmm_sysmem_test.c
-> Installing: kernel/nvidia-uvm/uvm_perf_events_test.c --> /usr/src/nvidia-550.163.01/nvidia-uvm/uvm_perf_events_test.c
-> Installing: kernel/nvidia-uvm/uvm_perf_module_test.c --> /usr/src/nvidia-550.163.01/nvidia-uvm/uvm_perf_module_test.c
-> Installing: kernel/nvidia-uvm/uvm_get_rm_ptes_test.c --> /usr/src/nvidia-550.163.01/nvidia-uvm/uvm_get_rm_ptes_test.c
-> Installing: kernel/nvidia-uvm/uvm_fault_buffer_flush_test.c --> /usr/src/nvidia-550.163.01/nvidia-uvm/uvm_fault_buffer_flush_test.c
-> Installing: kernel/nvidia-uvm/uvm_peer_identity_mappings_test.c --> /usr/src/nvidia-550.163.01/nvidia-uvm/uvm_peer_identity_mappings_test.c
-> Installing: kernel/nvidia-uvm/uvm_va_block_test.c --> /usr/src/nvidia-550.163.01/nvidia-uvm/uvm_va_block_test.c
-> Installing: kernel/nvidia-uvm/uvm_range_group_tree_test.c --> /usr/src/nvidia-550.163.01/nvidia-uvm/uvm_range_group_tree_test.c
-> Installing: kernel/nvidia-uvm/uvm_thread_context_test.c --> /usr/src/nvidia-550.163.01/nvidia-uvm/uvm_thread_context_test.c
-> Installing: kernel/nvidia-uvm/uvm_rb_tree_test.c --> /usr/src/nvidia-550.163.01/nvidia-uvm/uvm_rb_tree_test.c
-> Installing: kernel/nvidia-uvm/uvm_test_ioctl.h --> /usr/src/nvidia-550.163.01/nvidia-uvm/uvm_test_ioctl.h
-> Installing: firmware/gsp_tu10x.bin --> /lib/firmware/nvidia/550.163.01/gsp_tu10x.bin
-> Installing: firmware/gsp_ga10x.bin --> /lib/firmware/nvidia/550.163.01/gsp_ga10x.bin
-> Installing: nvidia-bug-report.sh --> /usr/bin/nvidia-bug-report.sh
-> Installing: nvidia-installer.1.gz --> /usr/share/man/man1/nvidia-installer.1.gz
-> Installing: nvidia-installer --> /usr/bin/nvidia-installer
-> Installing: nvidia-modprobe --> /usr/bin/nvidia-modprobe
-> Installing: nvidia-modprobe.1.gz --> /usr/share/man/man1/nvidia-modprobe.1.gz
-> Installing: systemd/system/nvidia-suspend.service --> /lib/systemd/system/nvidia-suspend.service
-> Installing: systemd/system/nvidia-hibernate.service --> /lib/systemd/system/nvidia-hibernate.service
-> Installing: systemd/system/nvidia-resume.service --> /lib/systemd/system/nvidia-resume.service
-> Installing: systemd/system-sleep/nvidia --> /lib/systemd/system-sleep/nvidia
-> Installing: systemd/nvidia-sleep.sh --> /usr/bin/nvidia-sleep.sh
-> Installing: libglvnd_install_checker/glvnd_check --> /usr/lib/nvidia/glvnd_check
-> Installing: libglvnd_install_checker/libGLX_installcheck.so.0 --> /usr/lib/nvidia/libGLX_installcheck.so.0
-> Installing: libglvnd_install_checker/egl_dummy_vendor.json --> /usr/lib/nvidia/egl_dummy_vendor.json
-> Installing: NVIDIA_Changelog --> /usr/share/doc/NVIDIA_GLX-1.0/NVIDIA_Changelog
-> Installing: LICENSE --> /usr/share/doc/NVIDIA_GLX-1.0/LICENSE
-> Installing: README.txt --> /usr/share/doc/NVIDIA_GLX-1.0/README.txt
-> Installing: supported-gpus/supported-gpus.json --> /usr/share/doc/NVIDIA_GLX-1.0/supported-gpus/supported-gpus.json
-> Installing: supported-gpus/LICENSE --> /usr/share/doc/NVIDIA_GLX-1.0/supported-gpus/LICENSE
-> Installing: html/acknowledgements.html --> /usr/share/doc/NVIDIA_GLX-1.0/html/acknowledgements.html
-> Installing: html/addressingcapabilities.html --> /usr/share/doc/NVIDIA_GLX-1.0/html/addressingcapabilities.html
-> Installing: html/addtlresources.html --> /usr/share/doc/NVIDIA_GLX-1.0/html/addtlresources.html
-> Installing: html/appendices.html --> /usr/share/doc/NVIDIA_GLX-1.0/html/appendices.html
-> Installing: html/audiosupport.html --> /usr/share/doc/NVIDIA_GLX-1.0/html/audiosupport.html
-> Installing: html/commonproblems.html --> /usr/share/doc/NVIDIA_GLX-1.0/html/commonproblems.html
-> Installing: html/configlaptop.html --> /usr/share/doc/NVIDIA_GLX-1.0/html/configlaptop.html
-> Installing: html/configmultxscreens.html --> /usr/share/doc/NVIDIA_GLX-1.0/html/configmultxscreens.html
-> Installing: html/configtwinview.html --> /usr/share/doc/NVIDIA_GLX-1.0/html/configtwinview.html
-> Installing: html/depth30.html --> /usr/share/doc/NVIDIA_GLX-1.0/html/depth30.html
-> Installing: html/displaydevicenames.html --> /usr/share/doc/NVIDIA_GLX-1.0/html/displaydevicenames.html
-> Installing: html/egpu.html --> /usr/share/doc/NVIDIA_GLX-1.0/html/egpu.html
-> Installing: html/gpunames.html --> /usr/share/doc/NVIDIA_GLX-1.0/html/gpunames.html
-> Installing: html/dma_issues.html --> /usr/share/doc/NVIDIA_GLX-1.0/html/dma_issues.html
-> Installing: html/dpi.html --> /usr/share/doc/NVIDIA_GLX-1.0/html/dpi.html
-> Installing: html/dynamicboost.html --> /usr/share/doc/NVIDIA_GLX-1.0/html/dynamicboost.html
-> Installing: html/editxconfig.html --> /usr/share/doc/NVIDIA_GLX-1.0/html/editxconfig.html
-> Installing: html/faq.html --> /usr/share/doc/NVIDIA_GLX-1.0/html/faq.html
-> Installing: html/flippingubb.html --> /usr/share/doc/NVIDIA_GLX-1.0/html/flippingubb.html
-> Installing: html/framelock.html --> /usr/share/doc/NVIDIA_GLX-1.0/html/framelock.html
-> Installing: html/gbm.html --> /usr/share/doc/NVIDIA_GLX-1.0/html/gbm.html
-> Installing: html/glxsupport.html --> /usr/share/doc/NVIDIA_GLX-1.0/html/glxsupport.html
-> Installing: html/i2c.html --> /usr/share/doc/NVIDIA_GLX-1.0/html/i2c.html
-> Installing: html/index.html --> /usr/share/doc/NVIDIA_GLX-1.0/html/index.html
-> Installing: html/installationandconfiguration.html --> /usr/share/doc/NVIDIA_GLX-1.0/html/installationandconfiguration.html
-> Installing: html/installdriver.html --> /usr/share/doc/NVIDIA_GLX-1.0/html/installdriver.html
-> Installing: html/installedcomponents.html --> /usr/share/doc/NVIDIA_GLX-1.0/html/installedcomponents.html
-> Installing: html/introduction.html --> /usr/share/doc/NVIDIA_GLX-1.0/html/introduction.html
-> Installing: html/kms.html --> /usr/share/doc/NVIDIA_GLX-1.0/html/kms.html
-> Installing: html/knownissues.html --> /usr/share/doc/NVIDIA_GLX-1.0/html/knownissues.html
-> Installing: html/minimumrequirements.html --> /usr/share/doc/NVIDIA_GLX-1.0/html/minimumrequirements.html
-> Installing: html/newusertips.html --> /usr/share/doc/NVIDIA_GLX-1.0/html/newusertips.html
-> Installing: html/nvidia-debugdump.html --> /usr/share/doc/NVIDIA_GLX-1.0/html/nvidia-debugdump.html
-> Installing: html/nvidia-ml.html --> /usr/share/doc/NVIDIA_GLX-1.0/html/nvidia-ml.html
-> Installing: html/nvidia-peermem.html --> /usr/share/doc/NVIDIA_GLX-1.0/html/nvidia-peermem.html
-> Installing: html/nvidia-persistenced.html --> /usr/share/doc/NVIDIA_GLX-1.0/html/nvidia-persistenced.html
-> Installing: html/gsp.html --> /usr/share/doc/NVIDIA_GLX-1.0/html/gsp.html
-> Installing: html/kernel_open.html --> /usr/share/doc/NVIDIA_GLX-1.0/html/kernel_open.html
-> Installing: html/nvidia-smi.html --> /usr/share/doc/NVIDIA_GLX-1.0/html/nvidia-smi.html
-> Installing: html/nvidiasettings.html --> /usr/share/doc/NVIDIA_GLX-1.0/html/nvidiasettings.html
-> Installing: html/ngx.html --> /usr/share/doc/NVIDIA_GLX-1.0/html/ngx.html
-> Installing: html/retpoline.html --> /usr/share/doc/NVIDIA_GLX-1.0/html/retpoline.html
-> Installing: html/openglenvvariables.html --> /usr/share/doc/NVIDIA_GLX-1.0/html/openglenvvariables.html
-> Installing: html/optimus.html --> /usr/share/doc/NVIDIA_GLX-1.0/html/optimus.html
-> Installing: html/powermanagement.html --> /usr/share/doc/NVIDIA_GLX-1.0/html/powermanagement.html
-> Installing: html/dynamicpowermanagement.html --> /usr/share/doc/NVIDIA_GLX-1.0/html/dynamicpowermanagement.html
-> Installing: html/procinterface.html --> /usr/share/doc/NVIDIA_GLX-1.0/html/procinterface.html
-> Installing: html/profiles.html --> /usr/share/doc/NVIDIA_GLX-1.0/html/profiles.html
-> Installing: html/programmingmodes.html --> /usr/share/doc/NVIDIA_GLX-1.0/html/programmingmodes.html
-> Installing: html/randr14.html --> /usr/share/doc/NVIDIA_GLX-1.0/html/randr14.html
-> Installing: html/primerenderoffload.html --> /usr/share/doc/NVIDIA_GLX-1.0/html/primerenderoffload.html
-> Installing: html/selectdriver.html --> /usr/share/doc/NVIDIA_GLX-1.0/html/selectdriver.html
-> Installing: html/sli.html --> /usr/share/doc/NVIDIA_GLX-1.0/html/sli.html
-> Installing: html/supportedchips.html --> /usr/share/doc/NVIDIA_GLX-1.0/html/supportedchips.html
-> Installing: html/vdpausupport.html --> /usr/share/doc/NVIDIA_GLX-1.0/html/vdpausupport.html
-> Installing: html/wayland-issues.html --> /usr/share/doc/NVIDIA_GLX-1.0/html/wayland-issues.html
-> Installing: html/xcompositeextension.html --> /usr/share/doc/NVIDIA_GLX-1.0/html/xcompositeextension.html
-> Installing: html/xconfigoptions.html --> /usr/share/doc/NVIDIA_GLX-1.0/html/xconfigoptions.html
-> Installing: html/xineramaglx.html --> /usr/share/doc/NVIDIA_GLX-1.0/html/xineramaglx.html
-> Installing: html/xrandrextension.html --> /usr/share/doc/NVIDIA_GLX-1.0/html/xrandrextension.html
-> Installing: html/xwayland.html --> /usr/share/doc/NVIDIA_GLX-1.0/html/xwayland.html
-> Installing: nvidia-smi --> /usr/bin/nvidia-smi
-> Installing: nvidia-smi.1.gz --> /usr/share/man/man1/nvidia-smi.1.gz
-> Installing: libnvidia-ml.so.550.163.01 --> /usr/lib/x86_64-linux-gnu/libnvidia-ml.so.550.163.01
-> Installing: nvidia-debugdump --> /usr/bin/nvidia-debugdump
-> Installing: libcuda.so.550.163.01 --> /usr/lib/x86_64-linux-gnu/libcuda.so.550.163.01
-> Installing: libnvidia-opencl.so.550.163.01 --> /usr/lib/x86_64-linux-gnu/libnvidia-opencl.so.550.163.01
-> Installing: libOpenCL.so.1.0.0 --> /usr/lib/x86_64-linux-gnu/libOpenCL.so.1.0.0
-> Installing: nvidia.icd --> /etc/OpenCL/vendors/nvidia.icd
-> Installing: nvidia-cuda-mps-control --> /usr/bin/nvidia-cuda-mps-control
-> Installing: nvidia-cuda-mps-server --> /usr/bin/nvidia-cuda-mps-server
-> Installing: nvidia-cuda-mps-control.1.gz --> /usr/share/man/man1/nvidia-cuda-mps-control.1.gz
-> Installing: libnvidia-ptxjitcompiler.so.550.163.01 --> /usr/lib/x86_64-linux-gnu/libnvidia-ptxjitcompiler.so.550.163.01
-> Installing: libcudadebugger.so.550.163.01 --> /usr/lib/x86_64-linux-gnu/libcudadebugger.so.550.163.01
-> Installing: nvidia-persistenced-init.tar.bz2 --> /usr/share/doc/NVIDIA_GLX-1.0/samples/nvidia-persistenced-init.tar.bz2
-> Installing: nvidia-persistenced.1.gz --> /usr/share/man/man1/nvidia-persistenced.1.gz
-> Installing: nvidia-persistenced --> /usr/bin/nvidia-persistenced
-> Installing: libnvidia-nvvm.so.550.163.01 --> /usr/lib/x86_64-linux-gnu/libnvidia-nvvm.so.550.163.01
-> Installing: libnvidia-gpucomp.so.550.163.01 --> /usr/lib/x86_64-linux-gnu/libnvidia-gpucomp.so.550.163.01
-> Installing: libnvidia-api.so.1 --> /usr/lib/x86_64-linux-gnu/libnvidia-api.so.1
-> Installing: kernel/nvidia-peermem/nvidia-peermem.Kbuild --> /usr/src/nvidia-550.163.01/nvidia-peermem/nvidia-peermem.Kbuild
-> Installing: kernel/nvidia-peermem/nvidia-peermem.c --> /usr/src/nvidia-550.163.01/nvidia-peermem/nvidia-peermem.c
-> Installing: kernel/nvidia-peermem/peer_mem.h --> /usr/src/nvidia-550.163.01/nvidia-peermem/peer_mem.h
-> Installing: kernel/nvidia-peermem/nv-p2p.h --> /usr/src/nvidia-550.163.01/nvidia-peermem/nv-p2p.h
-> Installing: nvidia-powerd --> /usr/bin/nvidia-powerd
-> Installing: systemd/system/nvidia-powerd.service --> /lib/systemd/system/nvidia-powerd.service
-> Installing: nvidia-dbus.conf --> /usr/share/doc/NVIDIA_GLX-1.0/nvidia-dbus.conf
-> Installing: libnvidia-glcore.so.550.163.01 --> /usr/lib/x86_64-linux-gnu/libnvidia-glcore.so.550.163.01
-> Installing: libnvidia-tls.so.550.163.01 --> /usr/lib/x86_64-linux-gnu/libnvidia-tls.so.550.163.01
-> Installing: nvidia_icd.json --> /etc/vulkan/icd.d/nvidia_icd.json
-> Installing: nvidia_layers.json --> /etc/vulkan/implicit_layer.d/nvidia_layers.json
-> Installing: nvidia-application-profiles-550.163.01-rc --> /usr/share/nvidia/nvidia-application-profiles-550.163.01-rc
-> Installing: nvidia-application-profiles-550.163.01-key-documentation --> /usr/share/nvidia/nvidia-application-profiles-550.163.01-key-documentation
-> Installing: libGLX_nvidia.so.550.163.01 --> /usr/lib/x86_64-linux-gnu/libGLX_nvidia.so.550.163.01
-> Installing: libnvidia-glsi.so.550.163.01 --> /usr/lib/x86_64-linux-gnu/libnvidia-glsi.so.550.163.01
-> Installing: libnvidia-glvkspirv.so.550.163.01 --> /usr/lib/x86_64-linux-gnu/libnvidia-glvkspirv.so.550.163.01
-> Installing: libOpenGL.so.0 --> /usr/lib/x86_64-linux-gnu/libOpenGL.so.0
-> Installing: libGLESv1_CM.so.1.2.0 --> /usr/lib/x86_64-linux-gnu/libGLESv1_CM.so.1.2.0
-> Installing: libGLESv2.so.2.1.0 --> /usr/lib/x86_64-linux-gnu/libGLESv2.so.2.1.0
-> Installing: libGLdispatch.so.0 --> /usr/lib/x86_64-linux-gnu/libGLdispatch.so.0
-> Installing: libGLX.so.0 --> /usr/lib/x86_64-linux-gnu/libGLX.so.0
-> Installing: libGL.so.1.7.0 --> /usr/lib/x86_64-linux-gnu/libGL.so.1.7.0
-> Installing: libEGL.so.1.1.0 --> /usr/lib/x86_64-linux-gnu/libEGL.so.1.1.0
-> Installing: 10_nvidia.json --> /usr/share/glvnd/egl_vendor.d/10_nvidia.json
-> Installing: libglxserver_nvidia.so.550.163.01 --> /usr/lib/xorg/modules/extensions/libglxserver_nvidia.so.550.163.01
-> Installing: libnvidia-eglcore.so.550.163.01 --> /usr/lib/x86_64-linux-gnu/libnvidia-eglcore.so.550.163.01
-> Installing: libEGL_nvidia.so.550.163.01 --> /usr/lib/x86_64-linux-gnu/libEGL_nvidia.so.550.163.01
-> Installing: libGLESv2_nvidia.so.550.163.01 --> /usr/lib/x86_64-linux-gnu/libGLESv2_nvidia.so.550.163.01
-> Installing: libGLESv1_CM_nvidia.so.550.163.01 --> /usr/lib/x86_64-linux-gnu/libGLESv1_CM_nvidia.so.550.163.01
-> Installing: libnvidia-egl-wayland.so.1.1.13 --> /usr/lib/x86_64-linux-gnu/libnvidia-egl-wayland.so.1.1.13
-> Installing: 10_nvidia_wayland.json --> /usr/share/egl/egl_external_platform.d/10_nvidia_wayland.json
-> Installing: libnvidia-egl-gbm.so.1.1.1 --> /usr/lib/x86_64-linux-gnu/libnvidia-egl-gbm.so.1.1.1
-> Installing: 15_nvidia_gbm.json --> /usr/share/egl/egl_external_platform.d/15_nvidia_gbm.json
-> Installing: nvidia_drv.so --> /usr/lib/xorg/modules/drivers/nvidia_drv.so
-> Installing: nvidia-settings.png --> /usr/share/icons/hicolor/128x128/apps/nvidia-settings.png
-> Updating mtime: /usr/share/icons/hicolor
-> Installing: nvidia-xconfig --> /usr/bin/nvidia-xconfig
-> Installing: nvidia-xconfig.1.gz --> /usr/share/man/man1/nvidia-xconfig.1.gz
-> Installing: nvidia-settings --> /usr/bin/nvidia-settings
-> Installing: libnvidia-gtk2.so.550.163.01 --> /usr/lib/x86_64-linux-gnu/libnvidia-gtk2.so.550.163.01
-> Installing: libnvidia-gtk3.so.550.163.01 --> /usr/lib/x86_64-linux-gnu/libnvidia-gtk3.so.550.163.01
-> Installing: libnvidia-wayland-client.so.550.163.01 --> /usr/lib/x86_64-linux-gnu/libnvidia-wayland-client.so.550.163.01
-> Installing: nvidia-settings.1.gz --> /usr/share/man/man1/nvidia-settings.1.gz
-> Installing: libnvidia-cfg.so.550.163.01 --> /usr/lib/x86_64-linux-gnu/libnvidia-cfg.so.550.163.01
-> Installing: libvdpau_nvidia.so.550.163.01 --> /usr/lib/x86_64-linux-gnu/vdpau/libvdpau_nvidia.so.550.163.01
-> Installing: kernel/nvidia-modeset/nv-modeset-kernel.o_binary --> /usr/src/nvidia-550.163.01/nvidia-modeset/nv-modeset-kernel.o_binary
-> Installing: kernel/nvidia-modeset/nvidia-modeset.Kbuild --> /usr/src/nvidia-550.163.01/nvidia-modeset/nvidia-modeset.Kbuild
-> Installing: kernel/nvidia-modeset/nvidia-modeset-linux.c --> /usr/src/nvidia-550.163.01/nvidia-modeset/nvidia-modeset-linux.c
-> Installing: kernel/nvidia-modeset/nv-kthread-q.c --> /usr/src/nvidia-550.163.01/nvidia-modeset/nv-kthread-q.c
-> Installing: kernel/nvidia-modeset/nvidia-modeset-os-interface.h --> /usr/src/nvidia-550.163.01/nvidia-modeset/nvidia-modeset-os-interface.h
-> Installing: kernel/nvidia-modeset/nvkms.h --> /usr/src/nvidia-550.163.01/nvidia-modeset/nvkms.h
-> Installing: kernel/nvidia-modeset/nvkms-ioctl.h --> /usr/src/nvidia-550.163.01/nvidia-modeset/nvkms-ioctl.h
-> Installing: kernel/common/inc/nvkms-api-types.h --> /usr/src/nvidia-550.163.01/common/inc/nvkms-api-types.h
-> Installing: kernel/common/inc/nvkms-format.h --> /usr/src/nvidia-550.163.01/common/inc/nvkms-format.h
-> Installing: kernel/common/inc/nvkms-kapi.h --> /usr/src/nvidia-550.163.01/common/inc/nvkms-kapi.h
-> Installing: kernel/nvidia-drm/nvidia-drm-sources.mk --> /usr/src/nvidia-550.163.01/nvidia-drm/nvidia-drm-sources.mk
-> Installing: kernel/nvidia-drm/nvidia-drm.c --> /usr/src/nvidia-550.163.01/nvidia-drm/nvidia-drm.c
-> Installing: kernel/nvidia-drm/nvidia-drm.h --> /usr/src/nvidia-550.163.01/nvidia-drm/nvidia-drm.h
-> Installing: kernel/nvidia-drm/nvidia-drm-helper.h --> /usr/src/nvidia-550.163.01/nvidia-drm/nvidia-drm-helper.h
-> Installing: kernel/nvidia-drm/nvidia-dma-fence-helper.h --> /usr/src/nvidia-550.163.01/nvidia-drm/nvidia-dma-fence-helper.h
-> Installing: kernel/nvidia-drm/nvidia-dma-resv-helper.h --> /usr/src/nvidia-550.163.01/nvidia-drm/nvidia-dma-resv-helper.h
-> Installing: kernel/nvidia-drm/nvidia-drm-priv.h --> /usr/src/nvidia-550.163.01/nvidia-drm/nvidia-drm-priv.h
-> Installing: kernel/nvidia-drm/nvidia-drm-connector.h --> /usr/src/nvidia-550.163.01/nvidia-drm/nvidia-drm-connector.h
-> Installing: kernel/nvidia-drm/nvidia-drm-crtc.h --> /usr/src/nvidia-550.163.01/nvidia-drm/nvidia-drm-crtc.h
-> Installing: kernel/nvidia-drm/nvidia-drm-drv.h --> /usr/src/nvidia-550.163.01/nvidia-drm/nvidia-drm-drv.h
-> Installing: kernel/nvidia-drm/nvidia-drm-encoder.h --> /usr/src/nvidia-550.163.01/nvidia-drm/nvidia-drm-encoder.h
-> Installing: kernel/nvidia-drm/nvidia-drm-fb.h --> /usr/src/nvidia-550.163.01/nvidia-drm/nvidia-drm-fb.h
-> Installing: kernel/nvidia-drm/nvidia-drm-gem.h --> /usr/src/nvidia-550.163.01/nvidia-drm/nvidia-drm-gem.h
-> Installing: kernel/nvidia-drm/nvidia-drm-gem-nvkms-memory.h --> /usr/src/nvidia-550.163.01/nvidia-drm/nvidia-drm-gem-nvkms-memory.h
-> Installing: kernel/nvidia-drm/nvidia-drm-gem-user-memory.h --> /usr/src/nvidia-550.163.01/nvidia-drm/nvidia-drm-gem-user-memory.h
-> Installing: kernel/nvidia-drm/nvidia-drm-gem-dma-buf.h --> /usr/src/nvidia-550.163.01/nvidia-drm/nvidia-drm-gem-dma-buf.h
-> Installing: kernel/nvidia-drm/nvidia-drm-modeset.h --> /usr/src/nvidia-550.163.01/nvidia-drm/nvidia-drm-modeset.h
-> Installing: kernel/nvidia-drm/nvidia-drm-utils.h --> /usr/src/nvidia-550.163.01/nvidia-drm/nvidia-drm-utils.h
-> Installing: kernel/nvidia-drm/nvidia-drm-os-interface.h --> /usr/src/nvidia-550.163.01/nvidia-drm/nvidia-drm-os-interface.h
-> Installing: kernel/nvidia-drm/nvidia-drm-os-interface.c --> /usr/src/nvidia-550.163.01/nvidia-drm/nvidia-drm-os-interface.c
-> Installing: kernel/nvidia-drm/nvidia-drm-fence.h --> /usr/src/nvidia-550.163.01/nvidia-drm/nvidia-drm-fence.h
-> Installing: kernel/nvidia-drm/nvidia-drm-format.h --> /usr/src/nvidia-550.163.01/nvidia-drm/nvidia-drm-format.h
-> Installing: kernel/nvidia-drm/nvidia-drm-ioctl.h --> /usr/src/nvidia-550.163.01/nvidia-drm/nvidia-drm-ioctl.h
-> Installing: kernel/nvidia-drm/nvidia-drm-drv.c --> /usr/src/nvidia-550.163.01/nvidia-drm/nvidia-drm-drv.c
-> Installing: kernel/nvidia-drm/nvidia-drm-helper.c --> /usr/src/nvidia-550.163.01/nvidia-drm/nvidia-drm-helper.c
-> Installing: kernel/nvidia-drm/nvidia-drm-utils.c --> /usr/src/nvidia-550.163.01/nvidia-drm/nvidia-drm-utils.c
-> Installing: kernel/nvidia-drm/nvidia-drm-crtc.c --> /usr/src/nvidia-550.163.01/nvidia-drm/nvidia-drm-crtc.c
-> Installing: kernel/nvidia-drm/nvidia-drm-encoder.c --> /usr/src/nvidia-550.163.01/nvidia-drm/nvidia-drm-encoder.c
-> Installing: kernel/nvidia-drm/nvidia-drm-connector.c --> /usr/src/nvidia-550.163.01/nvidia-drm/nvidia-drm-connector.c
-> Installing: kernel/nvidia-drm/nvidia-drm-gem.c --> /usr/src/nvidia-550.163.01/nvidia-drm/nvidia-drm-gem.c
-> Installing: kernel/nvidia-drm/nvidia-drm-gem-nvkms-memory.c --> /usr/src/nvidia-550.163.01/nvidia-drm/nvidia-drm-gem-nvkms-memory.c
-> Installing: kernel/nvidia-drm/nvidia-drm-gem-user-memory.c --> /usr/src/nvidia-550.163.01/nvidia-drm/nvidia-drm-gem-user-memory.c
-> Installing: kernel/nvidia-drm/nvidia-drm-gem-dma-buf.c --> /usr/src/nvidia-550.163.01/nvidia-drm/nvidia-drm-gem-dma-buf.c
-> Installing: kernel/nvidia-drm/nvidia-drm-fb.c --> /usr/src/nvidia-550.163.01/nvidia-drm/nvidia-drm-fb.c
-> Installing: kernel/nvidia-drm/nvidia-drm-modeset.c --> /usr/src/nvidia-550.163.01/nvidia-drm/nvidia-drm-modeset.c
-> Installing: kernel/nvidia-drm/nvidia-drm-fence.c --> /usr/src/nvidia-550.163.01/nvidia-drm/nvidia-drm-fence.c
-> Installing: kernel/nvidia-drm/nvidia-drm-format.c --> /usr/src/nvidia-550.163.01/nvidia-drm/nvidia-drm-format.c
-> Installing: kernel/nvidia-drm/nvidia-drm.Kbuild --> /usr/src/nvidia-550.163.01/nvidia-drm/nvidia-drm.Kbuild
-> Installing: kernel/nvidia-drm/nvidia-drm-conftest.h --> /usr/src/nvidia-550.163.01/nvidia-drm/nvidia-drm-conftest.h
-> Installing: kernel/nvidia-drm/nvidia-drm-linux.c --> /usr/src/nvidia-550.163.01/nvidia-drm/nvidia-drm-linux.c
-> Installing: kernel/nvidia-drm/nv-pci-table.c --> /usr/src/nvidia-550.163.01/nvidia-drm/nv-pci-table.c
-> Installing: kernel/nvidia-drm/nv-pci-table.h --> /usr/src/nvidia-550.163.01/nvidia-drm/nv-pci-table.h
-> Installing: kernel/nvidia-drm/nv-kthread-q.c --> /usr/src/nvidia-550.163.01/nvidia-drm/nv-kthread-q.c
-> Installing: libnvidia-allocator.so.550.163.01 --> /usr/lib/x86_64-linux-gnu/libnvidia-allocator.so.550.163.01
-> Installing: libnvidia-rtcore.so.550.163.01 --> /usr/lib/x86_64-linux-gnu/libnvidia-rtcore.so.550.163.01
-> Installing: libnvoptix.so.550.163.01 --> /usr/lib/x86_64-linux-gnu/libnvoptix.so.550.163.01
-> Installing: nvoptix.bin --> /usr/share/nvidia/nvoptix.bin
-> Installing: libnvidia-ngx.so.550.163.01 --> /usr/lib/x86_64-linux-gnu/libnvidia-ngx.so.550.163.01
-> Installing: nvidia-ngx-updater --> /usr/bin/nvidia-ngx-updater
-> Installing: libnvidia-fbc.so.550.163.01 --> /usr/lib/x86_64-linux-gnu/libnvidia-fbc.so.550.163.01
-> Installing: libnvcuvid.so.550.163.01 --> /usr/lib/x86_64-linux-gnu/libnvcuvid.so.550.163.01
-> Installing: libnvidia-encode.so.550.163.01 --> /usr/lib/x86_64-linux-gnu/libnvidia-encode.so.550.163.01
-> Installing: libnvidia-opticalflow.so.550.163.01 --> /usr/lib/x86_64-linux-gnu/libnvidia-opticalflow.so.550.163.01
-> Installing: libnvidia-pkcs11.so.550.163.01 --> /usr/lib/x86_64-linux-gnu/libnvidia-pkcs11.so.550.163.01
-> Installing: libnvidia-pkcs11-openssl3.so.550.163.01 --> /usr/lib/x86_64-linux-gnu/libnvidia-pkcs11-openssl3.so.550.163.01
-> Installing: /tmp/template-LutyrG --> /usr/src/nvidia-550.163.01/dkms.conf
-> Deleting: /tmp/template-LutyrG
-> Installing: kernel/nvidia.ko --> /lib/modules/6.12.37-KZL/kernel/drivers/video/nvidia.ko
-> Installing: kernel/nvidia-uvm.ko --> /lib/modules/6.12.37-KZL/kernel/drivers/video/nvidia-uvm.ko
-> Installing: kernel/nvidia-modeset.ko --> /lib/modules/6.12.37-KZL/kernel/drivers/video/nvidia-modeset.ko
-> Installing: kernel/nvidia-drm.ko --> /lib/modules/6.12.37-KZL/kernel/drivers/video/nvidia-drm.ko
-> Installing: kernel/nvidia-peermem.ko --> /lib/modules/6.12.37-KZL/kernel/drivers/video/nvidia-peermem.ko
-> Installing: /tmp/template-20PUlU --> /usr/share/applications/nvidia-settings.desktop
-> Deleting: /tmp/template-20PUlU
-> Creating symlink: /usr/bin/nvidia-uninstall -> nvidia-installer
-> Creating symlink: /etc/systemd/system/systemd-suspend.service.wants/nvidia-suspend.service -> /lib/systemd/system/nvidia-suspend.service
-> Creating symlink: /etc/systemd/system/systemd-hibernate.service.wants/nvidia-hibernate.service -> /lib/systemd/system/nvidia-hibernate.service
-> Creating symlink: /etc/systemd/system/systemd-suspend.service.wants/nvidia-resume.service -> /lib/systemd/system/nvidia-resume.service
-> Creating symlink: /etc/systemd/system/systemd-hibernate.service.wants/nvidia-resume.service -> /lib/systemd/system/nvidia-resume.service
-> Creating symlink: /usr/lib/x86_64-linux-gnu/libnvidia-ml.so.1 -> libnvidia-ml.so.550.163.01
-> Creating symlink: /usr/lib/x86_64-linux-gnu/libnvidia-ml.so -> libnvidia-ml.so.1
-> Creating symlink: /usr/lib/x86_64-linux-gnu/libcuda.so.1 -> libcuda.so.550.163.01
-> Creating symlink: /usr/lib/x86_64-linux-gnu/libcuda.so -> libcuda.so.1
-> Creating symlink: /usr/lib/x86_64-linux-gnu/libnvidia-opencl.so.1 -> libnvidia-opencl.so.550.163.01
-> Creating symlink: /usr/lib/x86_64-linux-gnu/libOpenCL.so.1.0 -> libOpenCL.so.1.0.0
-> Creating symlink: /usr/lib/x86_64-linux-gnu/libOpenCL.so.1 -> libOpenCL.so.1.0
-> Creating symlink: /usr/lib/x86_64-linux-gnu/libOpenCL.so -> libOpenCL.so.1
-> Creating symlink: /usr/lib/x86_64-linux-gnu/libnvidia-ptxjitcompiler.so.1 -> libnvidia-ptxjitcompiler.so.550.163.01
-> Creating symlink: /usr/lib/x86_64-linux-gnu/libnvidia-ptxjitcompiler.so -> libnvidia-ptxjitcompiler.so.1
-> Creating symlink: /usr/lib/x86_64-linux-gnu/libcudadebugger.so.1 -> libcudadebugger.so.550.163.01
-> Creating symlink: /usr/lib/x86_64-linux-gnu/libnvidia-nvvm.so.4 -> libnvidia-nvvm.so.550.163.01
-> Creating symlink: /usr/lib/x86_64-linux-gnu/libnvidia-nvvm.so -> libnvidia-nvvm.so.4
-> Creating symlink: /usr/lib/x86_64-linux-gnu/libGLX_nvidia.so.0 -> libGLX_nvidia.so.550.163.01
-> Creating symlink: /usr/lib/x86_64-linux-gnu/libGLX_indirect.so.0 -> libGLX_nvidia.so.550.163.01
-> Creating symlink: /usr/lib/x86_64-linux-gnu/libOpenGL.so -> libOpenGL.so.0
-> Creating symlink: /usr/lib/x86_64-linux-gnu/libGLESv1_CM.so.1 -> libGLESv1_CM.so.1.2.0
-> Creating symlink: /usr/lib/x86_64-linux-gnu/libGLESv1_CM.so -> libGLESv1_CM.so.1
-> Creating symlink: /usr/lib/x86_64-linux-gnu/libGLESv2.so.2 -> libGLESv2.so.2.1.0
-> Creating symlink: /usr/lib/x86_64-linux-gnu/libGLESv2.so -> libGLESv2.so.2
-> Creating symlink: /usr/lib/x86_64-linux-gnu/libGLX.so -> libGLX.so.0
-> Creating symlink: /usr/lib/x86_64-linux-gnu/libGL.so.1 -> libGL.so.1.7.0
-> Creating symlink: /usr/lib/x86_64-linux-gnu/libGL.so -> libGL.so.1
-> Creating symlink: /usr/lib/x86_64-linux-gnu/libEGL.so.1 -> libEGL.so.1.1.0
-> Creating symlink: /usr/lib/x86_64-linux-gnu/libEGL.so -> libEGL.so.1
-> Creating symlink: /usr/lib/xorg/modules/extensions/libglxserver_nvidia.so -> libglxserver_nvidia.so.550.163.01
-> Creating symlink: /usr/lib/x86_64-linux-gnu/libEGL_nvidia.so.0 -> libEGL_nvidia.so.550.163.01
-> Creating symlink: /usr/lib/x86_64-linux-gnu/libGLESv2_nvidia.so.2 -> libGLESv2_nvidia.so.550.163.01
-> Creating symlink: /usr/lib/x86_64-linux-gnu/libGLESv1_CM_nvidia.so.1 -> libGLESv1_CM_nvidia.so.550.163.01
-> Creating symlink: /usr/lib/x86_64-linux-gnu/libnvidia-cfg.so.1 -> libnvidia-cfg.so.550.163.01
-> Creating symlink: /usr/lib/x86_64-linux-gnu/libnvidia-cfg.so -> libnvidia-cfg.so.1
-> Creating symlink: /usr/lib/x86_64-linux-gnu/vdpau/libvdpau_nvidia.so.1 -> libvdpau_nvidia.so.550.163.01
-> Creating symlink: /usr/lib/x86_64-linux-gnu/libvdpau_nvidia.so -> vdpau/libvdpau_nvidia.so.550.163.01
-> Creating symlink: /usr/lib/x86_64-linux-gnu/libnvidia-allocator.so.1 -> libnvidia-allocator.so.550.163.01
-> Creating symlink: /usr/lib/x86_64-linux-gnu/libnvidia-allocator.so -> libnvidia-allocator.so.1
-> Creating symlink: /usr/lib/x86_64-linux-gnu/gbm/nvidia-drm_gbm.so -> /usr/lib/x86_64-linux-gnu/libnvidia-allocator.so.1
-> Creating symlink: /usr/lib/x86_64-linux-gnu/libnvoptix.so.1 -> libnvoptix.so.550.163.01
-> Creating symlink: /usr/lib/x86_64-linux-gnu/libnvidia-fbc.so.1 -> libnvidia-fbc.so.550.163.01
-> Creating symlink: /usr/lib/x86_64-linux-gnu/libnvidia-fbc.so -> libnvidia-fbc.so.1
-> Creating symlink: /usr/lib/x86_64-linux-gnu/libnvcuvid.so.1 -> libnvcuvid.so.550.163.01
-> Creating symlink: /usr/lib/x86_64-linux-gnu/libnvcuvid.so -> libnvcuvid.so.1
-> Creating symlink: /usr/lib/x86_64-linux-gnu/libnvidia-encode.so.1 -> libnvidia-encode.so.550.163.01
-> Creating symlink: /usr/lib/x86_64-linux-gnu/libnvidia-encode.so -> libnvidia-encode.so.1
-> Creating symlink: /usr/lib/x86_64-linux-gnu/libnvidia-opticalflow.so.1 -> libnvidia-opticalflow.so.550.163.01
-> Creating symlink: /usr/lib/x86_64-linux-gnu/libnvidia-opticalflow.so -> libnvidia-opticalflow.so.1
-> Creating symlink: /usr/lib/libGL.so.1 -> /usr/lib/x86_64-linux-gnu/libGL.so.1
-> Executing: /usr/sbin/ldconfig
   executing: '/usr/sbin/ldconfig'...
-> Executing: /usr/sbin/depmod -a 6.12.37-KZL
   executing: '/usr/sbin/depmod -a 6.12.37-KZL'...
-> Executing: /usr/bin/systemctl daemon-reload
   executing: '/usr/bin/systemctl daemon-reload'...
-> done.
-> Driver file installation is complete.
-> No distribution post-install script found.
-> Running post-install sanity check:
-> done.
-> Post-install sanity check passed.
-> Would you like to run the nvidia-xconfig utility to automatically update your X configuration file so that the NVIDIA X driver will be used when you restart X?  Any pre-existing X configuration file will be backed up. (Answer: No)
-> Installation of the NVIDIA Accelerated Graphics Driver for Linux-x86_64 (version: 550.163.01) is now complete.  Please update your xorg.conf file as appropriate; see the file /usr/share/doc/NVIDIA_GLX-1.0/README.txt for details.
